{"/Users/ib/Documents/loaders.gl/modules/core/dist/es5/read-file/file-aliases.js":{"path":"/Users/ib/Documents/loaders.gl/modules/core/dist/es5/read-file/file-aliases.js","statementMap":{"0":{"start":{"line":3,"column":0},"end":{"line":5,"column":3}},"1":{"start":{"line":6,"column":0},"end":{"line":6,"column":38}},"2":{"start":{"line":7,"column":0},"end":{"line":7,"column":38}},"3":{"start":{"line":8,"column":0},"end":{"line":8,"column":32}},"4":{"start":{"line":9,"column":0},"end":{"line":9,"column":34}},"5":{"start":{"line":10,"column":17},"end":{"line":10,"column":19}},"6":{"start":{"line":11,"column":18},"end":{"line":11,"column":20}},"7":{"start":{"line":14,"column":2},"end":{"line":14,"column":22}},"8":{"start":{"line":18,"column":2},"end":{"line":18,"column":20}},"9":{"start":{"line":22,"column":2},"end":{"line":22,"column":38}},"10":{"start":{"line":26,"column":2},"end":{"line":31,"column":3}},"11":{"start":{"line":27,"column":4},"end":{"line":30,"column":5}},"12":{"start":{"line":28,"column":24},"end":{"line":28,"column":42}},"13":{"start":{"line":29,"column":6},"end":{"line":29,"column":50}},"14":{"start":{"line":33,"column":2},"end":{"line":33,"column":25}},"15":{"start":{"line":34,"column":2},"end":{"line":34,"column":18}}},"fnMap":{"0":{"name":"setPathPrefix","decl":{"start":{"line":13,"column":9},"end":{"line":13,"column":22}},"loc":{"start":{"line":13,"column":31},"end":{"line":15,"column":1}},"line":13},"1":{"name":"getPathPrefix","decl":{"start":{"line":17,"column":9},"end":{"line":17,"column":22}},"loc":{"start":{"line":17,"column":25},"end":{"line":19,"column":1}},"line":17},"2":{"name":"addAliases","decl":{"start":{"line":21,"column":9},"end":{"line":21,"column":19}},"loc":{"start":{"line":21,"column":29},"end":{"line":23,"column":1}},"line":21},"3":{"name":"resolvePath","decl":{"start":{"line":25,"column":9},"end":{"line":25,"column":20}},"loc":{"start":{"line":25,"column":31},"end":{"line":35,"column":1}},"line":25}},"branchMap":{"0":{"loc":{"start":{"line":27,"column":4},"end":{"line":30,"column":5}},"type":"if","locations":[{"start":{"line":27,"column":4},"end":{"line":30,"column":5}},{"start":{"line":27,"column":4},"end":{"line":30,"column":5}}],"line":27}},"s":{"0":1,"1":1,"2":1,"3":1,"4":1,"5":1,"6":1,"7":0,"8":0,"9":1,"10":0,"11":0,"12":0,"13":0,"14":0,"15":0},"f":{"0":0,"1":0,"2":1,"3":0},"b":{"0":[0,0]},"_coverageSchema":"43e27e138ebf9cfc5966b082cf9a028302ed4184","hash":"07674ca560290d0a99af58bc75b98ad254604f22","contentHash":"62252a11296e16a99f098120851289506027fceb850419d9ef56f816013ae0dc"},"/Users/ib/Documents/loaders.gl/modules/core/dist/es5/index.js":{"path":"/Users/ib/Documents/loaders.gl/modules/core/dist/es5/index.js","statementMap":{"0":{"start":{"line":3,"column":29},"end":{"line":3,"column":84}},"1":{"start":{"line":5,"column":0},"end":{"line":7,"column":3}},"2":{"start":{"line":8,"column":0},"end":{"line":13,"column":3}},"3":{"start":{"line":11,"column":4},"end":{"line":11,"column":38}},"4":{"start":{"line":14,"column":0},"end":{"line":19,"column":3}},"5":{"start":{"line":17,"column":4},"end":{"line":17,"column":38}},"6":{"start":{"line":20,"column":0},"end":{"line":25,"column":3}},"7":{"start":{"line":23,"column":4},"end":{"line":23,"column":36}},"8":{"start":{"line":26,"column":0},"end":{"line":31,"column":3}},"9":{"start":{"line":29,"column":4},"end":{"line":29,"column":31}},"10":{"start":{"line":32,"column":0},"end":{"line":37,"column":3}},"11":{"start":{"line":35,"column":4},"end":{"line":35,"column":30}},"12":{"start":{"line":38,"column":0},"end":{"line":43,"column":3}},"13":{"start":{"line":41,"column":4},"end":{"line":41,"column":34}},"14":{"start":{"line":44,"column":0},"end":{"line":49,"column":3}},"15":{"start":{"line":47,"column":4},"end":{"line":47,"column":38}},"16":{"start":{"line":50,"column":0},"end":{"line":55,"column":3}},"17":{"start":{"line":53,"column":4},"end":{"line":53,"column":32}},"18":{"start":{"line":56,"column":0},"end":{"line":61,"column":3}},"19":{"start":{"line":59,"column":4},"end":{"line":59,"column":36}},"20":{"start":{"line":62,"column":0},"end":{"line":67,"column":3}},"21":{"start":{"line":65,"column":4},"end":{"line":65,"column":42}},"22":{"start":{"line":68,"column":0},"end":{"line":73,"column":3}},"23":{"start":{"line":71,"column":4},"end":{"line":71,"column":47}},"24":{"start":{"line":74,"column":0},"end":{"line":79,"column":3}},"25":{"start":{"line":77,"column":4},"end":{"line":77,"column":30}},"26":{"start":{"line":80,"column":0},"end":{"line":85,"column":3}},"27":{"start":{"line":83,"column":4},"end":{"line":83,"column":34}},"28":{"start":{"line":86,"column":0},"end":{"line":91,"column":3}},"29":{"start":{"line":89,"column":4},"end":{"line":89,"column":32}},"30":{"start":{"line":92,"column":0},"end":{"line":97,"column":3}},"31":{"start":{"line":95,"column":4},"end":{"line":95,"column":34}},"32":{"start":{"line":98,"column":0},"end":{"line":103,"column":3}},"33":{"start":{"line":101,"column":4},"end":{"line":101,"column":38}},"34":{"start":{"line":104,"column":0},"end":{"line":109,"column":3}},"35":{"start":{"line":107,"column":4},"end":{"line":107,"column":38}},"36":{"start":{"line":110,"column":0},"end":{"line":115,"column":3}},"37":{"start":{"line":113,"column":4},"end":{"line":113,"column":32}},"38":{"start":{"line":116,"column":0},"end":{"line":121,"column":3}},"39":{"start":{"line":119,"column":4},"end":{"line":119,"column":36}},"40":{"start":{"line":122,"column":0},"end":{"line":127,"column":3}},"41":{"start":{"line":125,"column":4},"end":{"line":125,"column":30}},"42":{"start":{"line":128,"column":0},"end":{"line":133,"column":3}},"43":{"start":{"line":131,"column":4},"end":{"line":131,"column":34}},"44":{"start":{"line":134,"column":0},"end":{"line":139,"column":3}},"45":{"start":{"line":137,"column":4},"end":{"line":137,"column":37}},"46":{"start":{"line":140,"column":0},"end":{"line":145,"column":3}},"47":{"start":{"line":143,"column":4},"end":{"line":143,"column":37}},"48":{"start":{"line":146,"column":0},"end":{"line":151,"column":3}},"49":{"start":{"line":149,"column":4},"end":{"line":149,"column":38}},"50":{"start":{"line":152,"column":0},"end":{"line":157,"column":3}},"51":{"start":{"line":155,"column":4},"end":{"line":155,"column":33}},"52":{"start":{"line":158,"column":0},"end":{"line":163,"column":3}},"53":{"start":{"line":161,"column":4},"end":{"line":161,"column":31}},"54":{"start":{"line":164,"column":0},"end":{"line":169,"column":3}},"55":{"start":{"line":167,"column":4},"end":{"line":167,"column":38}},"56":{"start":{"line":170,"column":0},"end":{"line":175,"column":3}},"57":{"start":{"line":173,"column":4},"end":{"line":173,"column":42}},"58":{"start":{"line":176,"column":0},"end":{"line":181,"column":3}},"59":{"start":{"line":179,"column":4},"end":{"line":179,"column":33}},"60":{"start":{"line":182,"column":0},"end":{"line":187,"column":3}},"61":{"start":{"line":185,"column":4},"end":{"line":185,"column":35}},"62":{"start":{"line":188,"column":0},"end":{"line":193,"column":3}},"63":{"start":{"line":191,"column":4},"end":{"line":191,"column":40}},"64":{"start":{"line":194,"column":0},"end":{"line":199,"column":3}},"65":{"start":{"line":197,"column":4},"end":{"line":197,"column":40}},"66":{"start":{"line":200,"column":0},"end":{"line":205,"column":3}},"67":{"start":{"line":203,"column":4},"end":{"line":203,"column":44}},"68":{"start":{"line":206,"column":0},"end":{"line":211,"column":3}},"69":{"start":{"line":209,"column":4},"end":{"line":209,"column":52}},"70":{"start":{"line":212,"column":0},"end":{"line":217,"column":3}},"71":{"start":{"line":215,"column":4},"end":{"line":215,"column":33}},"72":{"start":{"line":218,"column":0},"end":{"line":223,"column":3}},"73":{"start":{"line":221,"column":4},"end":{"line":221,"column":38}},"74":{"start":{"line":224,"column":0},"end":{"line":229,"column":3}},"75":{"start":{"line":227,"column":4},"end":{"line":227,"column":43}},"76":{"start":{"line":230,"column":0},"end":{"line":235,"column":3}},"77":{"start":{"line":233,"column":4},"end":{"line":233,"column":41}},"78":{"start":{"line":236,"column":0},"end":{"line":241,"column":3}},"79":{"start":{"line":239,"column":4},"end":{"line":239,"column":45}},"80":{"start":{"line":242,"column":0},"end":{"line":247,"column":3}},"81":{"start":{"line":245,"column":4},"end":{"line":245,"column":50}},"82":{"start":{"line":248,"column":0},"end":{"line":253,"column":3}},"83":{"start":{"line":251,"column":4},"end":{"line":251,"column":52}},"84":{"start":{"line":254,"column":0},"end":{"line":259,"column":3}},"85":{"start":{"line":257,"column":4},"end":{"line":257,"column":48}},"86":{"start":{"line":260,"column":0},"end":{"line":265,"column":3}},"87":{"start":{"line":263,"column":4},"end":{"line":263,"column":48}},"88":{"start":{"line":266,"column":0},"end":{"line":271,"column":3}},"89":{"start":{"line":269,"column":4},"end":{"line":269,"column":46}},"90":{"start":{"line":272,"column":0},"end":{"line":277,"column":3}},"91":{"start":{"line":275,"column":4},"end":{"line":275,"column":51}},"92":{"start":{"line":278,"column":0},"end":{"line":283,"column":3}},"93":{"start":{"line":281,"column":4},"end":{"line":281,"column":27}},"94":{"start":{"line":284,"column":0},"end":{"line":289,"column":3}},"95":{"start":{"line":287,"column":4},"end":{"line":287,"column":30}},"96":{"start":{"line":290,"column":0},"end":{"line":295,"column":3}},"97":{"start":{"line":293,"column":4},"end":{"line":293,"column":25}},"98":{"start":{"line":296,"column":0},"end":{"line":301,"column":3}},"99":{"start":{"line":299,"column":4},"end":{"line":299,"column":27}},"100":{"start":{"line":302,"column":0},"end":{"line":307,"column":3}},"101":{"start":{"line":305,"column":4},"end":{"line":305,"column":27}},"102":{"start":{"line":308,"column":0},"end":{"line":313,"column":3}},"103":{"start":{"line":311,"column":4},"end":{"line":311,"column":29}},"104":{"start":{"line":314,"column":0},"end":{"line":319,"column":3}},"105":{"start":{"line":317,"column":4},"end":{"line":317,"column":33}},"106":{"start":{"line":320,"column":0},"end":{"line":325,"column":3}},"107":{"start":{"line":323,"column":4},"end":{"line":323,"column":36}},"108":{"start":{"line":326,"column":0},"end":{"line":331,"column":3}},"109":{"start":{"line":329,"column":4},"end":{"line":329,"column":41}},"110":{"start":{"line":332,"column":0},"end":{"line":337,"column":3}},"111":{"start":{"line":335,"column":4},"end":{"line":335,"column":42}},"112":{"start":{"line":338,"column":0},"end":{"line":343,"column":3}},"113":{"start":{"line":341,"column":4},"end":{"line":341,"column":47}},"114":{"start":{"line":344,"column":0},"end":{"line":349,"column":3}},"115":{"start":{"line":347,"column":4},"end":{"line":347,"column":39}},"116":{"start":{"line":350,"column":0},"end":{"line":355,"column":3}},"117":{"start":{"line":353,"column":4},"end":{"line":353,"column":56}},"118":{"start":{"line":356,"column":0},"end":{"line":361,"column":3}},"119":{"start":{"line":359,"column":4},"end":{"line":359,"column":49}},"120":{"start":{"line":362,"column":0},"end":{"line":367,"column":3}},"121":{"start":{"line":365,"column":4},"end":{"line":365,"column":56}},"122":{"start":{"line":368,"column":0},"end":{"line":373,"column":3}},"123":{"start":{"line":371,"column":4},"end":{"line":371,"column":57}},"124":{"start":{"line":374,"column":0},"end":{"line":379,"column":3}},"125":{"start":{"line":377,"column":4},"end":{"line":377,"column":42}},"126":{"start":{"line":380,"column":0},"end":{"line":385,"column":3}},"127":{"start":{"line":383,"column":4},"end":{"line":383,"column":34}},"128":{"start":{"line":386,"column":0},"end":{"line":391,"column":3}},"129":{"start":{"line":389,"column":4},"end":{"line":389,"column":46}},"130":{"start":{"line":393,"column":19},"end":{"line":393,"column":57}},"131":{"start":{"line":395,"column":16},"end":{"line":395,"column":48}},"132":{"start":{"line":397,"column":17},"end":{"line":397,"column":51}},"133":{"start":{"line":399,"column":16},"end":{"line":399,"column":48}},"134":{"start":{"line":401,"column":17},"end":{"line":401,"column":50}},"135":{"start":{"line":403,"column":18},"end":{"line":403,"column":54}},"136":{"start":{"line":405,"column":17},"end":{"line":405,"column":51}},"137":{"start":{"line":407,"column":16},"end":{"line":407,"column":48}},"138":{"start":{"line":409,"column":20},"end":{"line":409,"column":59}},"139":{"start":{"line":411,"column":19},"end":{"line":411,"column":57}},"140":{"start":{"line":413,"column":23},"end":{"line":413,"column":66}},"141":{"start":{"line":415,"column":27},"end":{"line":415,"column":75}},"142":{"start":{"line":417,"column":20},"end":{"line":417,"column":59}},"143":{"start":{"line":419,"column":20},"end":{"line":419,"column":58}},"144":{"start":{"line":421,"column":21},"end":{"line":421,"column":60}},"145":{"start":{"line":423,"column":26},"end":{"line":423,"column":70}},"146":{"start":{"line":425,"column":14},"end":{"line":425,"column":63}},"147":{"start":{"line":427,"column":15},"end":{"line":427,"column":41}},"148":{"start":{"line":429,"column":20},"end":{"line":429,"column":83}},"149":{"start":{"line":431,"column":23},"end":{"line":431,"column":90}},"150":{"start":{"line":433,"column":26},"end":{"line":433,"column":80}},"151":{"start":{"line":435,"column":19},"end":{"line":435,"column":65}},"152":{"start":{"line":437,"column":17},"end":{"line":437,"column":51}},"153":{"start":{"line":439,"column":24},"end":{"line":439,"column":66}}},"fnMap":{"0":{"name":"get","decl":{"start":{"line":10,"column":16},"end":{"line":10,"column":19}},"loc":{"start":{"line":10,"column":22},"end":{"line":12,"column":3}},"line":10},"1":{"name":"get","decl":{"start":{"line":16,"column":16},"end":{"line":16,"column":19}},"loc":{"start":{"line":16,"column":22},"end":{"line":18,"column":3}},"line":16},"2":{"name":"get","decl":{"start":{"line":22,"column":16},"end":{"line":22,"column":19}},"loc":{"start":{"line":22,"column":22},"end":{"line":24,"column":3}},"line":22},"3":{"name":"get","decl":{"start":{"line":28,"column":16},"end":{"line":28,"column":19}},"loc":{"start":{"line":28,"column":22},"end":{"line":30,"column":3}},"line":28},"4":{"name":"get","decl":{"start":{"line":34,"column":16},"end":{"line":34,"column":19}},"loc":{"start":{"line":34,"column":22},"end":{"line":36,"column":3}},"line":34},"5":{"name":"get","decl":{"start":{"line":40,"column":16},"end":{"line":40,"column":19}},"loc":{"start":{"line":40,"column":22},"end":{"line":42,"column":3}},"line":40},"6":{"name":"get","decl":{"start":{"line":46,"column":16},"end":{"line":46,"column":19}},"loc":{"start":{"line":46,"column":22},"end":{"line":48,"column":3}},"line":46},"7":{"name":"get","decl":{"start":{"line":52,"column":16},"end":{"line":52,"column":19}},"loc":{"start":{"line":52,"column":22},"end":{"line":54,"column":3}},"line":52},"8":{"name":"get","decl":{"start":{"line":58,"column":16},"end":{"line":58,"column":19}},"loc":{"start":{"line":58,"column":22},"end":{"line":60,"column":3}},"line":58},"9":{"name":"get","decl":{"start":{"line":64,"column":16},"end":{"line":64,"column":19}},"loc":{"start":{"line":64,"column":22},"end":{"line":66,"column":3}},"line":64},"10":{"name":"get","decl":{"start":{"line":70,"column":16},"end":{"line":70,"column":19}},"loc":{"start":{"line":70,"column":22},"end":{"line":72,"column":3}},"line":70},"11":{"name":"get","decl":{"start":{"line":76,"column":16},"end":{"line":76,"column":19}},"loc":{"start":{"line":76,"column":22},"end":{"line":78,"column":3}},"line":76},"12":{"name":"get","decl":{"start":{"line":82,"column":16},"end":{"line":82,"column":19}},"loc":{"start":{"line":82,"column":22},"end":{"line":84,"column":3}},"line":82},"13":{"name":"get","decl":{"start":{"line":88,"column":16},"end":{"line":88,"column":19}},"loc":{"start":{"line":88,"column":22},"end":{"line":90,"column":3}},"line":88},"14":{"name":"get","decl":{"start":{"line":94,"column":16},"end":{"line":94,"column":19}},"loc":{"start":{"line":94,"column":22},"end":{"line":96,"column":3}},"line":94},"15":{"name":"get","decl":{"start":{"line":100,"column":16},"end":{"line":100,"column":19}},"loc":{"start":{"line":100,"column":22},"end":{"line":102,"column":3}},"line":100},"16":{"name":"get","decl":{"start":{"line":106,"column":16},"end":{"line":106,"column":19}},"loc":{"start":{"line":106,"column":22},"end":{"line":108,"column":3}},"line":106},"17":{"name":"get","decl":{"start":{"line":112,"column":16},"end":{"line":112,"column":19}},"loc":{"start":{"line":112,"column":22},"end":{"line":114,"column":3}},"line":112},"18":{"name":"get","decl":{"start":{"line":118,"column":16},"end":{"line":118,"column":19}},"loc":{"start":{"line":118,"column":22},"end":{"line":120,"column":3}},"line":118},"19":{"name":"get","decl":{"start":{"line":124,"column":16},"end":{"line":124,"column":19}},"loc":{"start":{"line":124,"column":22},"end":{"line":126,"column":3}},"line":124},"20":{"name":"get","decl":{"start":{"line":130,"column":16},"end":{"line":130,"column":19}},"loc":{"start":{"line":130,"column":22},"end":{"line":132,"column":3}},"line":130},"21":{"name":"get","decl":{"start":{"line":136,"column":16},"end":{"line":136,"column":19}},"loc":{"start":{"line":136,"column":22},"end":{"line":138,"column":3}},"line":136},"22":{"name":"get","decl":{"start":{"line":142,"column":16},"end":{"line":142,"column":19}},"loc":{"start":{"line":142,"column":22},"end":{"line":144,"column":3}},"line":142},"23":{"name":"get","decl":{"start":{"line":148,"column":16},"end":{"line":148,"column":19}},"loc":{"start":{"line":148,"column":22},"end":{"line":150,"column":3}},"line":148},"24":{"name":"get","decl":{"start":{"line":154,"column":16},"end":{"line":154,"column":19}},"loc":{"start":{"line":154,"column":22},"end":{"line":156,"column":3}},"line":154},"25":{"name":"get","decl":{"start":{"line":160,"column":16},"end":{"line":160,"column":19}},"loc":{"start":{"line":160,"column":22},"end":{"line":162,"column":3}},"line":160},"26":{"name":"get","decl":{"start":{"line":166,"column":16},"end":{"line":166,"column":19}},"loc":{"start":{"line":166,"column":22},"end":{"line":168,"column":3}},"line":166},"27":{"name":"get","decl":{"start":{"line":172,"column":16},"end":{"line":172,"column":19}},"loc":{"start":{"line":172,"column":22},"end":{"line":174,"column":3}},"line":172},"28":{"name":"get","decl":{"start":{"line":178,"column":16},"end":{"line":178,"column":19}},"loc":{"start":{"line":178,"column":22},"end":{"line":180,"column":3}},"line":178},"29":{"name":"get","decl":{"start":{"line":184,"column":16},"end":{"line":184,"column":19}},"loc":{"start":{"line":184,"column":22},"end":{"line":186,"column":3}},"line":184},"30":{"name":"get","decl":{"start":{"line":190,"column":16},"end":{"line":190,"column":19}},"loc":{"start":{"line":190,"column":22},"end":{"line":192,"column":3}},"line":190},"31":{"name":"get","decl":{"start":{"line":196,"column":16},"end":{"line":196,"column":19}},"loc":{"start":{"line":196,"column":22},"end":{"line":198,"column":3}},"line":196},"32":{"name":"get","decl":{"start":{"line":202,"column":16},"end":{"line":202,"column":19}},"loc":{"start":{"line":202,"column":22},"end":{"line":204,"column":3}},"line":202},"33":{"name":"get","decl":{"start":{"line":208,"column":16},"end":{"line":208,"column":19}},"loc":{"start":{"line":208,"column":22},"end":{"line":210,"column":3}},"line":208},"34":{"name":"get","decl":{"start":{"line":214,"column":16},"end":{"line":214,"column":19}},"loc":{"start":{"line":214,"column":22},"end":{"line":216,"column":3}},"line":214},"35":{"name":"get","decl":{"start":{"line":220,"column":16},"end":{"line":220,"column":19}},"loc":{"start":{"line":220,"column":22},"end":{"line":222,"column":3}},"line":220},"36":{"name":"get","decl":{"start":{"line":226,"column":16},"end":{"line":226,"column":19}},"loc":{"start":{"line":226,"column":22},"end":{"line":228,"column":3}},"line":226},"37":{"name":"get","decl":{"start":{"line":232,"column":16},"end":{"line":232,"column":19}},"loc":{"start":{"line":232,"column":22},"end":{"line":234,"column":3}},"line":232},"38":{"name":"get","decl":{"start":{"line":238,"column":16},"end":{"line":238,"column":19}},"loc":{"start":{"line":238,"column":22},"end":{"line":240,"column":3}},"line":238},"39":{"name":"get","decl":{"start":{"line":244,"column":16},"end":{"line":244,"column":19}},"loc":{"start":{"line":244,"column":22},"end":{"line":246,"column":3}},"line":244},"40":{"name":"get","decl":{"start":{"line":250,"column":16},"end":{"line":250,"column":19}},"loc":{"start":{"line":250,"column":22},"end":{"line":252,"column":3}},"line":250},"41":{"name":"get","decl":{"start":{"line":256,"column":16},"end":{"line":256,"column":19}},"loc":{"start":{"line":256,"column":22},"end":{"line":258,"column":3}},"line":256},"42":{"name":"get","decl":{"start":{"line":262,"column":16},"end":{"line":262,"column":19}},"loc":{"start":{"line":262,"column":22},"end":{"line":264,"column":3}},"line":262},"43":{"name":"get","decl":{"start":{"line":268,"column":16},"end":{"line":268,"column":19}},"loc":{"start":{"line":268,"column":22},"end":{"line":270,"column":3}},"line":268},"44":{"name":"get","decl":{"start":{"line":274,"column":16},"end":{"line":274,"column":19}},"loc":{"start":{"line":274,"column":22},"end":{"line":276,"column":3}},"line":274},"45":{"name":"get","decl":{"start":{"line":280,"column":16},"end":{"line":280,"column":19}},"loc":{"start":{"line":280,"column":22},"end":{"line":282,"column":3}},"line":280},"46":{"name":"get","decl":{"start":{"line":286,"column":16},"end":{"line":286,"column":19}},"loc":{"start":{"line":286,"column":22},"end":{"line":288,"column":3}},"line":286},"47":{"name":"get","decl":{"start":{"line":292,"column":16},"end":{"line":292,"column":19}},"loc":{"start":{"line":292,"column":22},"end":{"line":294,"column":3}},"line":292},"48":{"name":"get","decl":{"start":{"line":298,"column":16},"end":{"line":298,"column":19}},"loc":{"start":{"line":298,"column":22},"end":{"line":300,"column":3}},"line":298},"49":{"name":"get","decl":{"start":{"line":304,"column":16},"end":{"line":304,"column":19}},"loc":{"start":{"line":304,"column":22},"end":{"line":306,"column":3}},"line":304},"50":{"name":"get","decl":{"start":{"line":310,"column":16},"end":{"line":310,"column":19}},"loc":{"start":{"line":310,"column":22},"end":{"line":312,"column":3}},"line":310},"51":{"name":"get","decl":{"start":{"line":316,"column":16},"end":{"line":316,"column":19}},"loc":{"start":{"line":316,"column":22},"end":{"line":318,"column":3}},"line":316},"52":{"name":"get","decl":{"start":{"line":322,"column":16},"end":{"line":322,"column":19}},"loc":{"start":{"line":322,"column":22},"end":{"line":324,"column":3}},"line":322},"53":{"name":"get","decl":{"start":{"line":328,"column":16},"end":{"line":328,"column":19}},"loc":{"start":{"line":328,"column":22},"end":{"line":330,"column":3}},"line":328},"54":{"name":"get","decl":{"start":{"line":334,"column":16},"end":{"line":334,"column":19}},"loc":{"start":{"line":334,"column":22},"end":{"line":336,"column":3}},"line":334},"55":{"name":"get","decl":{"start":{"line":340,"column":16},"end":{"line":340,"column":19}},"loc":{"start":{"line":340,"column":22},"end":{"line":342,"column":3}},"line":340},"56":{"name":"get","decl":{"start":{"line":346,"column":16},"end":{"line":346,"column":19}},"loc":{"start":{"line":346,"column":22},"end":{"line":348,"column":3}},"line":346},"57":{"name":"get","decl":{"start":{"line":352,"column":16},"end":{"line":352,"column":19}},"loc":{"start":{"line":352,"column":22},"end":{"line":354,"column":3}},"line":352},"58":{"name":"get","decl":{"start":{"line":358,"column":16},"end":{"line":358,"column":19}},"loc":{"start":{"line":358,"column":22},"end":{"line":360,"column":3}},"line":358},"59":{"name":"get","decl":{"start":{"line":364,"column":16},"end":{"line":364,"column":19}},"loc":{"start":{"line":364,"column":22},"end":{"line":366,"column":3}},"line":364},"60":{"name":"get","decl":{"start":{"line":370,"column":16},"end":{"line":370,"column":19}},"loc":{"start":{"line":370,"column":22},"end":{"line":372,"column":3}},"line":370},"61":{"name":"get","decl":{"start":{"line":376,"column":16},"end":{"line":376,"column":19}},"loc":{"start":{"line":376,"column":22},"end":{"line":378,"column":3}},"line":376},"62":{"name":"get","decl":{"start":{"line":382,"column":16},"end":{"line":382,"column":19}},"loc":{"start":{"line":382,"column":22},"end":{"line":384,"column":3}},"line":382},"63":{"name":"get","decl":{"start":{"line":388,"column":16},"end":{"line":388,"column":19}},"loc":{"start":{"line":388,"column":22},"end":{"line":390,"column":3}},"line":388}},"branchMap":{},"s":{"0":1,"1":1,"2":1,"3":0,"4":1,"5":0,"6":1,"7":0,"8":1,"9":0,"10":1,"11":12,"12":1,"13":4,"14":1,"15":3,"16":1,"17":0,"18":1,"19":2,"20":1,"21":0,"22":1,"23":0,"24":1,"25":0,"26":1,"27":0,"28":1,"29":0,"30":1,"31":0,"32":1,"33":0,"34":1,"35":0,"36":1,"37":0,"38":1,"39":0,"40":1,"41":0,"42":1,"43":0,"44":1,"45":10,"46":1,"47":10,"48":1,"49":0,"50":1,"51":0,"52":1,"53":0,"54":1,"55":9,"56":1,"57":0,"58":1,"59":9,"60":1,"61":9,"62":1,"63":0,"64":1,"65":0,"66":1,"67":0,"68":1,"69":8,"70":1,"71":0,"72":1,"73":7,"74":1,"75":6,"76":1,"77":6,"78":1,"79":6,"80":1,"81":0,"82":1,"83":0,"84":1,"85":0,"86":1,"87":5,"88":1,"89":5,"90":1,"91":5,"92":1,"93":0,"94":1,"95":6,"96":1,"97":0,"98":1,"99":0,"100":1,"101":0,"102":1,"103":0,"104":1,"105":0,"106":1,"107":0,"108":1,"109":0,"110":1,"111":0,"112":1,"113":0,"114":1,"115":0,"116":1,"117":0,"118":1,"119":0,"120":1,"121":0,"122":1,"123":0,"124":1,"125":3,"126":1,"127":0,"128":1,"129":0,"130":1,"131":1,"132":1,"133":1,"134":1,"135":1,"136":1,"137":1,"138":1,"139":1,"140":1,"141":1,"142":1,"143":1,"144":1,"145":1,"146":1,"147":1,"148":1,"149":1,"150":1,"151":1,"152":1,"153":1},"f":{"0":0,"1":0,"2":0,"3":0,"4":12,"5":4,"6":3,"7":0,"8":2,"9":0,"10":0,"11":0,"12":0,"13":0,"14":0,"15":0,"16":0,"17":0,"18":0,"19":0,"20":0,"21":10,"22":10,"23":0,"24":0,"25":0,"26":9,"27":0,"28":9,"29":9,"30":0,"31":0,"32":0,"33":8,"34":0,"35":7,"36":6,"37":6,"38":6,"39":0,"40":0,"41":0,"42":5,"43":5,"44":5,"45":0,"46":6,"47":0,"48":0,"49":0,"50":0,"51":0,"52":0,"53":0,"54":0,"55":0,"56":0,"57":0,"58":0,"59":0,"60":0,"61":3,"62":0,"63":0},"b":{},"_coverageSchema":"43e27e138ebf9cfc5966b082cf9a028302ed4184","hash":"b598306710f41dbf871fc8e1b9b541ec8dac7271","contentHash":"09eb850f7a28065179e910d5ff485a23d6156b5957e20bff930a074dadbc6c9c"},"/Users/ib/Documents/loaders.gl/modules/core/dist/es5/read-file/read-file.js":{"path":"/Users/ib/Documents/loaders.gl/modules/core/dist/es5/read-file/read-file.js","statementMap":{"0":{"start":{"line":3,"column":30},"end":{"line":3,"column":86}},"1":{"start":{"line":5,"column":29},"end":{"line":5,"column":84}},"2":{"start":{"line":7,"column":0},"end":{"line":9,"column":3}},"3":{"start":{"line":10,"column":0},"end":{"line":10,"column":30}},"4":{"start":{"line":11,"column":0},"end":{"line":11,"column":44}},"5":{"start":{"line":12,"column":0},"end":{"line":12,"column":28}},"6":{"start":{"line":13,"column":0},"end":{"line":13,"column":36}},"7":{"start":{"line":15,"column":19},"end":{"line":15,"column":80}},"8":{"start":{"line":17,"column":25},"end":{"line":17,"column":99}},"9":{"start":{"line":19,"column":15},"end":{"line":19,"column":42}},"10":{"start":{"line":21,"column":23},"end":{"line":21,"column":53}},"11":{"start":{"line":23,"column":11},"end":{"line":23,"column":63}},"12":{"start":{"line":26,"column":2},"end":{"line":26,"column":43}},"13":{"start":{"line":30,"column":2},"end":{"line":45,"column":6}},"14":{"start":{"line":32,"column":4},"end":{"line":44,"column":16}},"15":{"start":{"line":33,"column":6},"end":{"line":43,"column":7}},"16":{"start":{"line":34,"column":8},"end":{"line":42,"column":9}},"17":{"start":{"line":36,"column":12},"end":{"line":36,"column":84}},"18":{"start":{"line":37,"column":12},"end":{"line":37,"column":65}},"19":{"start":{"line":41,"column":12},"end":{"line":41,"column":35}},"20":{"start":{"line":46,"column":2},"end":{"line":46,"column":43}},"21":{"start":{"line":50,"column":2},"end":{"line":50,"column":50}},"22":{"start":{"line":54,"column":2},"end":{"line":69,"column":6}},"23":{"start":{"line":56,"column":4},"end":{"line":68,"column":17}},"24":{"start":{"line":57,"column":6},"end":{"line":67,"column":7}},"25":{"start":{"line":58,"column":8},"end":{"line":66,"column":9}},"26":{"start":{"line":60,"column":12},"end":{"line":60,"column":98}},"27":{"start":{"line":61,"column":12},"end":{"line":61,"column":66}},"28":{"start":{"line":65,"column":12},"end":{"line":65,"column":36}},"29":{"start":{"line":70,"column":2},"end":{"line":70,"column":50}},"30":{"start":{"line":74,"column":2},"end":{"line":74,"column":42}},"31":{"start":{"line":78,"column":2},"end":{"line":96,"column":6}},"32":{"start":{"line":81,"column":17},"end":{"line":81,"column":26}},"33":{"start":{"line":82,"column":4},"end":{"line":95,"column":17}},"34":{"start":{"line":83,"column":6},"end":{"line":94,"column":7}},"35":{"start":{"line":84,"column":8},"end":{"line":93,"column":9}},"36":{"start":{"line":86,"column":12},"end":{"line":86,"column":84}},"37":{"start":{"line":87,"column":12},"end":{"line":87,"column":82}},"38":{"start":{"line":88,"column":12},"end":{"line":88,"column":66}},"39":{"start":{"line":92,"column":12},"end":{"line":92,"column":36}},"40":{"start":{"line":97,"column":2},"end":{"line":97,"column":42}},"41":{"start":{"line":101,"column":16},"end":{"line":101,"column":86}},"42":{"start":{"line":102,"column":13},"end":{"line":102,"column":83}},"43":{"start":{"line":103,"column":2},"end":{"line":103,"column":28}}},"fnMap":{"0":{"name":"fetchFile","decl":{"start":{"line":25,"column":9},"end":{"line":25,"column":18}},"loc":{"start":{"line":25,"column":28},"end":{"line":27,"column":1}},"line":25},"1":{"name":"_fetchFile","decl":{"start":{"line":29,"column":9},"end":{"line":29,"column":19}},"loc":{"start":{"line":29,"column":22},"end":{"line":47,"column":1}},"line":29},"2":{"name":"_callee","decl":{"start":{"line":30,"column":82},"end":{"line":30,"column":89}},"loc":{"start":{"line":30,"column":104},"end":{"line":45,"column":3}},"line":30},"3":{"name":"_callee$","decl":{"start":{"line":32,"column":46},"end":{"line":32,"column":54}},"loc":{"start":{"line":32,"column":65},"end":{"line":44,"column":5}},"line":32},"4":{"name":"createReadStream","decl":{"start":{"line":49,"column":9},"end":{"line":49,"column":25}},"loc":{"start":{"line":49,"column":36},"end":{"line":51,"column":1}},"line":49},"5":{"name":"_createReadStream","decl":{"start":{"line":53,"column":9},"end":{"line":53,"column":26}},"loc":{"start":{"line":53,"column":29},"end":{"line":71,"column":1}},"line":53},"6":{"name":"_callee2","decl":{"start":{"line":54,"column":89},"end":{"line":54,"column":97}},"loc":{"start":{"line":54,"column":112},"end":{"line":69,"column":3}},"line":54},"7":{"name":"_callee2$","decl":{"start":{"line":56,"column":46},"end":{"line":56,"column":55}},"loc":{"start":{"line":56,"column":67},"end":{"line":68,"column":5}},"line":56},"8":{"name":"readFile","decl":{"start":{"line":73,"column":9},"end":{"line":73,"column":17}},"loc":{"start":{"line":73,"column":23},"end":{"line":75,"column":1}},"line":73},"9":{"name":"_readFile","decl":{"start":{"line":77,"column":9},"end":{"line":77,"column":18}},"loc":{"start":{"line":77,"column":21},"end":{"line":98,"column":1}},"line":77},"10":{"name":"_callee3","decl":{"start":{"line":78,"column":81},"end":{"line":78,"column":89}},"loc":{"start":{"line":78,"column":95},"end":{"line":96,"column":3}},"line":78},"11":{"name":"_callee3$","decl":{"start":{"line":82,"column":46},"end":{"line":82,"column":55}},"loc":{"start":{"line":82,"column":67},"end":{"line":95,"column":5}},"line":82},"12":{"name":"readFileSync","decl":{"start":{"line":100,"column":9},"end":{"line":100,"column":21}},"loc":{"start":{"line":100,"column":27},"end":{"line":104,"column":1}},"line":100}},"branchMap":{"0":{"loc":{"start":{"line":34,"column":8},"end":{"line":42,"column":9}},"type":"switch","locations":[{"start":{"line":35,"column":10},"end":{"line":37,"column":65}},{"start":{"line":39,"column":10},"end":{"line":39,"column":17}},{"start":{"line":40,"column":10},"end":{"line":41,"column":35}}],"line":34},"1":{"loc":{"start":{"line":36,"column":19},"end":{"line":36,"column":83}},"type":"cond-expr","locations":[{"start":{"line":36,"column":40},"end":{"line":36,"column":66}},{"start":{"line":36,"column":69},"end":{"line":36,"column":83}}],"line":36},"2":{"loc":{"start":{"line":58,"column":8},"end":{"line":66,"column":9}},"type":"switch","locations":[{"start":{"line":59,"column":10},"end":{"line":61,"column":66}},{"start":{"line":63,"column":10},"end":{"line":63,"column":17}},{"start":{"line":64,"column":10},"end":{"line":65,"column":36}}],"line":58},"3":{"loc":{"start":{"line":60,"column":19},"end":{"line":60,"column":97}},"type":"cond-expr","locations":[{"start":{"line":60,"column":40},"end":{"line":60,"column":73}},{"start":{"line":60,"column":76},"end":{"line":60,"column":97}}],"line":60},"4":{"loc":{"start":{"line":84,"column":8},"end":{"line":93,"column":9}},"type":"switch","locations":[{"start":{"line":85,"column":10},"end":{"line":88,"column":66}},{"start":{"line":90,"column":10},"end":{"line":90,"column":17}},{"start":{"line":91,"column":10},"end":{"line":92,"column":36}}],"line":84},"5":{"loc":{"start":{"line":86,"column":22},"end":{"line":86,"column":83}},"type":"cond-expr","locations":[{"start":{"line":86,"column":69},"end":{"line":86,"column":78}},{"start":{"line":86,"column":81},"end":{"line":86,"column":83}}],"line":86},"6":{"loc":{"start":{"line":86,"column":22},"end":{"line":86,"column":66}},"type":"binary-expr","locations":[{"start":{"line":86,"column":22},"end":{"line":86,"column":39}},{"start":{"line":86,"column":43},"end":{"line":86,"column":66}}],"line":86},"7":{"loc":{"start":{"line":87,"column":19},"end":{"line":87,"column":81}},"type":"cond-expr","locations":[{"start":{"line":87,"column":40},"end":{"line":87,"column":65}},{"start":{"line":87,"column":68},"end":{"line":87,"column":81}}],"line":87},"8":{"loc":{"start":{"line":101,"column":16},"end":{"line":101,"column":86}},"type":"cond-expr","locations":[{"start":{"line":101,"column":69},"end":{"line":101,"column":81}},{"start":{"line":101,"column":84},"end":{"line":101,"column":86}}],"line":101},"9":{"loc":{"start":{"line":101,"column":16},"end":{"line":101,"column":66}},"type":"binary-expr","locations":[{"start":{"line":101,"column":16},"end":{"line":101,"column":36}},{"start":{"line":101,"column":40},"end":{"line":101,"column":66}}],"line":101},"10":{"loc":{"start":{"line":102,"column":13},"end":{"line":102,"column":83}},"type":"cond-expr","locations":[{"start":{"line":102,"column":34},"end":{"line":102,"column":63}},{"start":{"line":102,"column":66},"end":{"line":102,"column":83}}],"line":102}},"s":{"0":1,"1":1,"2":1,"3":1,"4":1,"5":1,"6":1,"7":1,"8":1,"9":1,"10":1,"11":1,"12":0,"13":0,"14":0,"15":0,"16":0,"17":0,"18":0,"19":0,"20":0,"21":0,"22":0,"23":0,"24":0,"25":0,"26":0,"27":0,"28":0,"29":0,"30":0,"31":0,"32":0,"33":0,"34":0,"35":0,"36":0,"37":0,"38":0,"39":0,"40":0,"41":0,"42":0,"43":0},"f":{"0":0,"1":0,"2":0,"3":0,"4":0,"5":0,"6":0,"7":0,"8":0,"9":0,"10":0,"11":0,"12":0},"b":{"0":[0,0,0],"1":[0,0],"2":[0,0,0],"3":[0,0],"4":[0,0,0],"5":[0,0],"6":[0,0],"7":[0,0],"8":[0,0],"9":[0,0],"10":[0,0]},"_coverageSchema":"43e27e138ebf9cfc5966b082cf9a028302ed4184","hash":"cafb6a513699c236535d5b9d0f080dbad5e60519","contentHash":"a375a217429299f0fdd483c1cd540bfe8513ff99a931724b80612e762786f421"},"/Users/ib/Documents/loaders.gl/modules/core/dist/es5/utils/globals.js":{"path":"/Users/ib/Documents/loaders.gl/modules/core/dist/es5/utils/globals.js","statementMap":{"0":{"start":{"line":3,"column":29},"end":{"line":3,"column":84}},"1":{"start":{"line":5,"column":0},"end":{"line":7,"column":3}},"2":{"start":{"line":8,"column":0},"end":{"line":8,"column":95}},"3":{"start":{"line":10,"column":15},"end":{"line":10,"column":79}},"4":{"start":{"line":12,"column":16},"end":{"line":12,"column":169}},"5":{"start":{"line":13,"column":0},"end":{"line":13,"column":30}},"6":{"start":{"line":14,"column":14},"end":{"line":19,"column":1}},"7":{"start":{"line":20,"column":12},"end":{"line":20,"column":60}},"8":{"start":{"line":21,"column":0},"end":{"line":21,"column":21}},"9":{"start":{"line":22,"column":14},"end":{"line":22,"column":62}},"10":{"start":{"line":23,"column":0},"end":{"line":23,"column":25}},"11":{"start":{"line":24,"column":14},"end":{"line":24,"column":62}},"12":{"start":{"line":25,"column":0},"end":{"line":25,"column":25}},"13":{"start":{"line":26,"column":16},"end":{"line":26,"column":38}},"14":{"start":{"line":27,"column":0},"end":{"line":27,"column":29}}},"fnMap":{},"branchMap":{"0":{"loc":{"start":{"line":12,"column":16},"end":{"line":12,"column":169}},"type":"binary-expr","locations":[{"start":{"line":12,"column":16},"end":{"line":12,"column":108}},{"start":{"line":12,"column":112},"end":{"line":12,"column":150}},{"start":{"line":12,"column":154},"end":{"line":12,"column":169}}],"line":12},"1":{"loc":{"start":{"line":12,"column":17},"end":{"line":12,"column":94}},"type":"cond-expr","locations":[{"start":{"line":12,"column":50},"end":{"line":12,"column":61}},{"start":{"line":12,"column":64},"end":{"line":12,"column":94}}],"line":12},"2":{"loc":{"start":{"line":15,"column":8},"end":{"line":15,"column":43}},"type":"binary-expr","locations":[{"start":{"line":15,"column":8},"end":{"line":15,"column":35}},{"start":{"line":15,"column":39},"end":{"line":15,"column":43}}],"line":15},"3":{"loc":{"start":{"line":16,"column":10},"end":{"line":16,"column":49}},"type":"binary-expr","locations":[{"start":{"line":16,"column":10},"end":{"line":16,"column":39}},{"start":{"line":16,"column":43},"end":{"line":16,"column":49}}],"line":16},"4":{"loc":{"start":{"line":17,"column":10},"end":{"line":17,"column":49}},"type":"binary-expr","locations":[{"start":{"line":17,"column":10},"end":{"line":17,"column":39}},{"start":{"line":17,"column":43},"end":{"line":17,"column":49}}],"line":17},"5":{"loc":{"start":{"line":18,"column":12},"end":{"line":18,"column":55}},"type":"binary-expr","locations":[{"start":{"line":18,"column":12},"end":{"line":18,"column":43}},{"start":{"line":18,"column":47},"end":{"line":18,"column":55}}],"line":18},"6":{"loc":{"start":{"line":20,"column":12},"end":{"line":20,"column":60}},"type":"binary-expr","locations":[{"start":{"line":20,"column":12},"end":{"line":20,"column":24}},{"start":{"line":20,"column":28},"end":{"line":20,"column":42}},{"start":{"line":20,"column":46},"end":{"line":20,"column":60}}],"line":20},"7":{"loc":{"start":{"line":22,"column":14},"end":{"line":22,"column":62}},"type":"binary-expr","locations":[{"start":{"line":22,"column":14},"end":{"line":22,"column":28}},{"start":{"line":22,"column":32},"end":{"line":22,"column":44}},{"start":{"line":22,"column":48},"end":{"line":22,"column":62}}],"line":22},"8":{"loc":{"start":{"line":24,"column":14},"end":{"line":24,"column":62}},"type":"binary-expr","locations":[{"start":{"line":24,"column":14},"end":{"line":24,"column":28}},{"start":{"line":24,"column":32},"end":{"line":24,"column":44}},{"start":{"line":24,"column":48},"end":{"line":24,"column":62}}],"line":24},"9":{"loc":{"start":{"line":26,"column":16},"end":{"line":26,"column":38}},"type":"binary-expr","locations":[{"start":{"line":26,"column":16},"end":{"line":26,"column":32}},{"start":{"line":26,"column":36},"end":{"line":26,"column":38}}],"line":26}},"s":{"0":1,"1":1,"2":1,"3":1,"4":1,"5":1,"6":1,"7":1,"8":1,"9":1,"10":1,"11":1,"12":1,"13":1,"14":1},"f":{},"b":{"0":[1,1,1],"1":[0,1],"2":[1,0],"3":[1,0],"4":[1,1],"5":[1,0],"6":[1,1,1],"7":[1,1,1],"8":[1,0,0],"9":[1,1]},"_coverageSchema":"43e27e138ebf9cfc5966b082cf9a028302ed4184","hash":"6772f0de89694e2b0ec75a62264ca2dc7cacdb0b","contentHash":"9c6d8259a60073e96185bc84c4b4bbd773a8116d62d653362e591831a1d4502f"},"/Users/ib/Documents/loaders.gl/modules/core/dist/es5/read-file/read-file-browser.js":{"path":"/Users/ib/Documents/loaders.gl/modules/core/dist/es5/read-file/read-file-browser.js","statementMap":{"0":{"start":{"line":3,"column":29},"end":{"line":3,"column":84}},"1":{"start":{"line":5,"column":0},"end":{"line":7,"column":3}},"2":{"start":{"line":8,"column":0},"end":{"line":8,"column":30}},"3":{"start":{"line":9,"column":0},"end":{"line":9,"column":44}},"4":{"start":{"line":10,"column":0},"end":{"line":10,"column":28}},"5":{"start":{"line":11,"column":0},"end":{"line":11,"column":36}},"6":{"start":{"line":13,"column":19},"end":{"line":13,"column":80}},"7":{"start":{"line":15,"column":25},"end":{"line":15,"column":99}},"8":{"start":{"line":17,"column":21},"end":{"line":17,"column":89}},"9":{"start":{"line":19,"column":14},"end":{"line":19,"column":64}},"10":{"start":{"line":21,"column":19},"end":{"line":21,"column":44}},"11":{"start":{"line":23,"column":22},"end":{"line":26,"column":1}},"12":{"start":{"line":29,"column":2},"end":{"line":29,"column":43}},"13":{"start":{"line":33,"column":2},"end":{"line":51,"column":6}},"14":{"start":{"line":34,"column":4},"end":{"line":50,"column":16}},"15":{"start":{"line":35,"column":6},"end":{"line":49,"column":7}},"16":{"start":{"line":36,"column":8},"end":{"line":48,"column":9}},"17":{"start":{"line":38,"column":12},"end":{"line":38,"column":53}},"18":{"start":{"line":39,"column":12},"end":{"line":39,"column":30}},"19":{"start":{"line":40,"column":12},"end":{"line":40,"column":39}},"20":{"start":{"line":43,"column":12},"end":{"line":43,"column":60}},"21":{"start":{"line":47,"column":12},"end":{"line":47,"column":35}},"22":{"start":{"line":52,"column":2},"end":{"line":52,"column":43}},"23":{"start":{"line":56,"column":2},"end":{"line":56,"column":50}},"24":{"start":{"line":60,"column":2},"end":{"line":76,"column":6}},"25":{"start":{"line":61,"column":4},"end":{"line":75,"column":17}},"26":{"start":{"line":62,"column":6},"end":{"line":74,"column":7}},"27":{"start":{"line":63,"column":8},"end":{"line":73,"column":9}},"28":{"start":{"line":65,"column":12},"end":{"line":65,"column":53}},"29":{"start":{"line":66,"column":12},"end":{"line":68,"column":16}},"30":{"start":{"line":67,"column":14},"end":{"line":67,"column":30}},"31":{"start":{"line":72,"column":12},"end":{"line":72,"column":36}},"32":{"start":{"line":77,"column":2},"end":{"line":77,"column":50}},"33":{"start":{"line":81,"column":2},"end":{"line":81,"column":42}},"34":{"start":{"line":85,"column":2},"end":{"line":115,"column":6}},"35":{"start":{"line":88,"column":17},"end":{"line":88,"column":26}},"36":{"start":{"line":89,"column":4},"end":{"line":114,"column":17}},"37":{"start":{"line":90,"column":6},"end":{"line":113,"column":7}},"38":{"start":{"line":91,"column":8},"end":{"line":112,"column":9}},"39":{"start":{"line":93,"column":12},"end":{"line":93,"column":84}},"40":{"start":{"line":94,"column":12},"end":{"line":94,"column":53}},"41":{"start":{"line":95,"column":12},"end":{"line":95,"column":50}},"42":{"start":{"line":97,"column":12},"end":{"line":99,"column":13}},"43":{"start":{"line":98,"column":14},"end":{"line":98,"column":43}},"44":{"start":{"line":101,"column":12},"end":{"line":101,"column":51}},"45":{"start":{"line":102,"column":12},"end":{"line":102,"column":31}},"46":{"start":{"line":103,"column":12},"end":{"line":103,"column":39}},"47":{"start":{"line":106,"column":12},"end":{"line":106,"column":38}},"48":{"start":{"line":107,"column":12},"end":{"line":107,"column":76}},"49":{"start":{"line":111,"column":12},"end":{"line":111,"column":36}},"50":{"start":{"line":116,"column":2},"end":{"line":116,"column":42}},"51":{"start":{"line":120,"column":16},"end":{"line":120,"column":86}},"52":{"start":{"line":121,"column":2},"end":{"line":121,"column":43}},"53":{"start":{"line":122,"column":2},"end":{"line":122,"column":40}},"54":{"start":{"line":124,"column":2},"end":{"line":126,"column":3}},"55":{"start":{"line":125,"column":4},"end":{"line":125,"column":44}},"56":{"start":{"line":128,"column":2},"end":{"line":130,"column":3}},"57":{"start":{"line":129,"column":4},"end":{"line":129,"column":32}},"58":{"start":{"line":132,"column":2},"end":{"line":132,"column":14}},"59":{"start":{"line":136,"column":16},"end":{"line":136,"column":86}},"60":{"start":{"line":137,"column":2},"end":{"line":137,"column":56}},"61":{"start":{"line":138,"column":2},"end":{"line":138,"column":66}},"62":{"start":{"line":139,"column":2},"end":{"line":139,"column":17}},"63":{"start":{"line":143,"column":2},"end":{"line":167,"column":5}},"64":{"start":{"line":144,"column":4},"end":{"line":166,"column":5}},"65":{"start":{"line":145,"column":19},"end":{"line":145,"column":35}},"66":{"start":{"line":147,"column":6},"end":{"line":149,"column":8}},"67":{"start":{"line":148,"column":8},"end":{"line":148,"column":40}},"68":{"start":{"line":151,"column":6},"end":{"line":153,"column":8}},"69":{"start":{"line":152,"column":8},"end":{"line":152,"column":64}},"70":{"start":{"line":155,"column":6},"end":{"line":157,"column":8}},"71":{"start":{"line":156,"column":8},"end":{"line":156,"column":38}},"72":{"start":{"line":159,"column":6},"end":{"line":163,"column":7}},"73":{"start":{"line":160,"column":8},"end":{"line":160,"column":32}},"74":{"start":{"line":162,"column":8},"end":{"line":162,"column":39}},"75":{"start":{"line":165,"column":6},"end":{"line":165,"column":20}}},"fnMap":{"0":{"name":"fetchFile","decl":{"start":{"line":28,"column":9},"end":{"line":28,"column":18}},"loc":{"start":{"line":28,"column":28},"end":{"line":30,"column":1}},"line":28},"1":{"name":"_fetchFile","decl":{"start":{"line":32,"column":9},"end":{"line":32,"column":19}},"loc":{"start":{"line":32,"column":22},"end":{"line":53,"column":1}},"line":32},"2":{"name":"_callee","decl":{"start":{"line":33,"column":82},"end":{"line":33,"column":89}},"loc":{"start":{"line":33,"column":104},"end":{"line":51,"column":3}},"line":33},"3":{"name":"_callee$","decl":{"start":{"line":34,"column":46},"end":{"line":34,"column":54}},"loc":{"start":{"line":34,"column":65},"end":{"line":50,"column":5}},"line":34},"4":{"name":"createReadStream","decl":{"start":{"line":55,"column":9},"end":{"line":55,"column":25}},"loc":{"start":{"line":55,"column":36},"end":{"line":57,"column":1}},"line":55},"5":{"name":"_createReadStream","decl":{"start":{"line":59,"column":9},"end":{"line":59,"column":26}},"loc":{"start":{"line":59,"column":29},"end":{"line":78,"column":1}},"line":59},"6":{"name":"_callee2","decl":{"start":{"line":60,"column":89},"end":{"line":60,"column":97}},"loc":{"start":{"line":60,"column":112},"end":{"line":76,"column":3}},"line":60},"7":{"name":"_callee2$","decl":{"start":{"line":61,"column":46},"end":{"line":61,"column":55}},"loc":{"start":{"line":61,"column":67},"end":{"line":75,"column":5}},"line":61},"8":{"name":"(anonymous_8)","decl":{"start":{"line":66,"column":71},"end":{"line":66,"column":72}},"loc":{"start":{"line":66,"column":86},"end":{"line":68,"column":13}},"line":66},"9":{"name":"readFile","decl":{"start":{"line":80,"column":9},"end":{"line":80,"column":17}},"loc":{"start":{"line":80,"column":23},"end":{"line":82,"column":1}},"line":80},"10":{"name":"_readFile","decl":{"start":{"line":84,"column":9},"end":{"line":84,"column":18}},"loc":{"start":{"line":84,"column":21},"end":{"line":117,"column":1}},"line":84},"11":{"name":"_callee3","decl":{"start":{"line":85,"column":81},"end":{"line":85,"column":89}},"loc":{"start":{"line":85,"column":95},"end":{"line":115,"column":3}},"line":85},"12":{"name":"_callee3$","decl":{"start":{"line":89,"column":46},"end":{"line":89,"column":55}},"loc":{"start":{"line":89,"column":67},"end":{"line":114,"column":5}},"line":89},"13":{"name":"readFileSync","decl":{"start":{"line":119,"column":9},"end":{"line":119,"column":21}},"loc":{"start":{"line":119,"column":27},"end":{"line":133,"column":1}},"line":119},"14":{"name":"getReadFileOptions","decl":{"start":{"line":135,"column":9},"end":{"line":135,"column":27}},"loc":{"start":{"line":135,"column":30},"end":{"line":140,"column":1}},"line":135},"15":{"name":"readFileObject","decl":{"start":{"line":142,"column":9},"end":{"line":142,"column":23}},"loc":{"start":{"line":142,"column":39},"end":{"line":168,"column":1}},"line":142},"16":{"name":"(anonymous_16)","decl":{"start":{"line":143,"column":21},"end":{"line":143,"column":22}},"loc":{"start":{"line":143,"column":48},"end":{"line":167,"column":3}},"line":143},"17":{"name":"(anonymous_17)","decl":{"start":{"line":147,"column":23},"end":{"line":147,"column":24}},"loc":{"start":{"line":147,"column":40},"end":{"line":149,"column":7}},"line":147},"18":{"name":"(anonymous_18)","decl":{"start":{"line":151,"column":23},"end":{"line":151,"column":24}},"loc":{"start":{"line":151,"column":35},"end":{"line":153,"column":7}},"line":151},"19":{"name":"(anonymous_19)","decl":{"start":{"line":155,"column":22},"end":{"line":155,"column":23}},"loc":{"start":{"line":155,"column":34},"end":{"line":157,"column":7}},"line":155}},"branchMap":{"0":{"loc":{"start":{"line":36,"column":8},"end":{"line":48,"column":9}},"type":"switch","locations":[{"start":{"line":37,"column":10},"end":{"line":40,"column":39}},{"start":{"line":42,"column":10},"end":{"line":43,"column":60}},{"start":{"line":45,"column":10},"end":{"line":45,"column":17}},{"start":{"line":46,"column":10},"end":{"line":47,"column":35}}],"line":36},"1":{"loc":{"start":{"line":63,"column":8},"end":{"line":73,"column":9}},"type":"switch","locations":[{"start":{"line":64,"column":10},"end":{"line":68,"column":16}},{"start":{"line":70,"column":10},"end":{"line":70,"column":17}},{"start":{"line":71,"column":10},"end":{"line":72,"column":36}}],"line":63},"2":{"loc":{"start":{"line":91,"column":8},"end":{"line":112,"column":9}},"type":"switch","locations":[{"start":{"line":92,"column":10},"end":{"line":103,"column":39}},{"start":{"line":105,"column":10},"end":{"line":107,"column":76}},{"start":{"line":109,"column":10},"end":{"line":109,"column":17}},{"start":{"line":110,"column":10},"end":{"line":111,"column":36}}],"line":91},"3":{"loc":{"start":{"line":93,"column":22},"end":{"line":93,"column":83}},"type":"cond-expr","locations":[{"start":{"line":93,"column":69},"end":{"line":93,"column":78}},{"start":{"line":93,"column":81},"end":{"line":93,"column":83}}],"line":93},"4":{"loc":{"start":{"line":93,"column":22},"end":{"line":93,"column":66}},"type":"binary-expr","locations":[{"start":{"line":93,"column":22},"end":{"line":93,"column":39}},{"start":{"line":93,"column":43},"end":{"line":93,"column":66}}],"line":93},"5":{"loc":{"start":{"line":97,"column":12},"end":{"line":99,"column":13}},"type":"if","locations":[{"start":{"line":97,"column":12},"end":{"line":99,"column":13}},{"start":{"line":97,"column":12},"end":{"line":99,"column":13}}],"line":97},"6":{"loc":{"start":{"line":97,"column":16},"end":{"line":97,"column":66}},"type":"binary-expr","locations":[{"start":{"line":97,"column":16},"end":{"line":97,"column":43}},{"start":{"line":97,"column":47},"end":{"line":97,"column":66}}],"line":97},"7":{"loc":{"start":{"line":120,"column":16},"end":{"line":120,"column":86}},"type":"cond-expr","locations":[{"start":{"line":120,"column":69},"end":{"line":120,"column":81}},{"start":{"line":120,"column":84},"end":{"line":120,"column":86}}],"line":120},"8":{"loc":{"start":{"line":120,"column":16},"end":{"line":120,"column":66}},"type":"binary-expr","locations":[{"start":{"line":120,"column":16},"end":{"line":120,"column":36}},{"start":{"line":120,"column":40},"end":{"line":120,"column":66}}],"line":120},"9":{"loc":{"start":{"line":124,"column":2},"end":{"line":126,"column":3}},"type":"if","locations":[{"start":{"line":124,"column":2},"end":{"line":126,"column":3}},{"start":{"line":124,"column":2},"end":{"line":126,"column":3}}],"line":124},"10":{"loc":{"start":{"line":128,"column":2},"end":{"line":130,"column":3}},"type":"if","locations":[{"start":{"line":128,"column":2},"end":{"line":130,"column":3}},{"start":{"line":128,"column":2},"end":{"line":130,"column":3}}],"line":128},"11":{"loc":{"start":{"line":136,"column":16},"end":{"line":136,"column":86}},"type":"cond-expr","locations":[{"start":{"line":136,"column":69},"end":{"line":136,"column":81}},{"start":{"line":136,"column":84},"end":{"line":136,"column":86}}],"line":136},"12":{"loc":{"start":{"line":136,"column":16},"end":{"line":136,"column":66}},"type":"binary-expr","locations":[{"start":{"line":136,"column":16},"end":{"line":136,"column":36}},{"start":{"line":136,"column":40},"end":{"line":136,"column":66}}],"line":136},"13":{"loc":{"start":{"line":138,"column":25},"end":{"line":138,"column":65}},"type":"binary-expr","locations":[{"start":{"line":138,"column":25},"end":{"line":138,"column":45}},{"start":{"line":138,"column":49},"end":{"line":138,"column":65}}],"line":138},"14":{"loc":{"start":{"line":159,"column":6},"end":{"line":163,"column":7}},"type":"if","locations":[{"start":{"line":159,"column":6},"end":{"line":163,"column":7}},{"start":{"line":159,"column":6},"end":{"line":163,"column":7}}],"line":159}},"s":{"0":1,"1":1,"2":1,"3":1,"4":1,"5":1,"6":1,"7":1,"8":1,"9":1,"10":1,"11":1,"12":0,"13":0,"14":0,"15":0,"16":0,"17":0,"18":0,"19":0,"20":0,"21":0,"22":0,"23":0,"24":0,"25":0,"26":0,"27":0,"28":0,"29":0,"30":0,"31":0,"32":0,"33":0,"34":0,"35":0,"36":0,"37":0,"38":0,"39":0,"40":0,"41":0,"42":0,"43":0,"44":0,"45":0,"46":0,"47":0,"48":0,"49":0,"50":0,"51":0,"52":0,"53":0,"54":0,"55":0,"56":0,"57":0,"58":0,"59":0,"60":0,"61":0,"62":0,"63":0,"64":0,"65":0,"66":0,"67":0,"68":0,"69":0,"70":0,"71":0,"72":0,"73":0,"74":0,"75":0},"f":{"0":0,"1":0,"2":0,"3":0,"4":0,"5":0,"6":0,"7":0,"8":0,"9":0,"10":0,"11":0,"12":0,"13":0,"14":0,"15":0,"16":0,"17":0,"18":0,"19":0},"b":{"0":[0,0,0,0],"1":[0,0,0],"2":[0,0,0,0],"3":[0,0],"4":[0,0],"5":[0,0],"6":[0,0],"7":[0,0],"8":[0,0],"9":[0,0],"10":[0,0],"11":[0,0],"12":[0,0],"13":[0,0],"14":[0,0]},"_coverageSchema":"43e27e138ebf9cfc5966b082cf9a028302ed4184","hash":"8cd3844fd1fb9d9fa587555a5ef10004e40a5c72","contentHash":"f1a2953778634b4751d09e67b0e9472cd6ab64a162b45f8767ba4f13961f5086"},"/Users/ib/Documents/loaders.gl/modules/core/dist/es5/data-uri-utils/decode-data-uri.js":{"path":"/Users/ib/Documents/loaders.gl/modules/core/dist/es5/data-uri-utils/decode-data-uri.js","statementMap":{"0":{"start":{"line":3,"column":0},"end":{"line":5,"column":3}},"1":{"start":{"line":6,"column":0},"end":{"line":6,"column":32}},"2":{"start":{"line":9,"column":18},"end":{"line":9,"column":34}},"3":{"start":{"line":13,"column":2},"end":{"line":19,"column":3}},"4":{"start":{"line":14,"column":4},"end":{"line":14,"column":60}},"5":{"start":{"line":15,"column":4},"end":{"line":15,"column":50}},"6":{"start":{"line":17,"column":4},"end":{"line":17,"column":70}},"7":{"start":{"line":18,"column":4},"end":{"line":18,"column":46}},"8":{"start":{"line":21,"column":2},"end":{"line":25,"column":3}},"9":{"start":{"line":22,"column":4},"end":{"line":22,"column":45}},"10":{"start":{"line":23,"column":9},"end":{"line":25,"column":3}},"11":{"start":{"line":24,"column":4},"end":{"line":24,"column":45}},"12":{"start":{"line":27,"column":2},"end":{"line":30,"column":4}}},"fnMap":{"0":{"name":"decodeDataUri","decl":{"start":{"line":8,"column":9},"end":{"line":8,"column":22}},"loc":{"start":{"line":8,"column":28},"end":{"line":31,"column":1}},"line":8}},"branchMap":{"0":{"loc":{"start":{"line":13,"column":2},"end":{"line":19,"column":3}},"type":"if","locations":[{"start":{"line":13,"column":2},"end":{"line":19,"column":3}},{"start":{"line":13,"column":2},"end":{"line":19,"column":3}}],"line":13},"1":{"loc":{"start":{"line":21,"column":2},"end":{"line":25,"column":3}},"type":"if","locations":[{"start":{"line":21,"column":2},"end":{"line":25,"column":3}},{"start":{"line":21,"column":2},"end":{"line":25,"column":3}}],"line":21},"2":{"loc":{"start":{"line":23,"column":9},"end":{"line":25,"column":3}},"type":"if","locations":[{"start":{"line":23,"column":9},"end":{"line":25,"column":3}},{"start":{"line":23,"column":9},"end":{"line":25,"column":3}}],"line":23}},"s":{"0":1,"1":1,"2":0,"3":0,"4":0,"5":0,"6":0,"7":0,"8":0,"9":0,"10":0,"11":0,"12":0},"f":{"0":0},"b":{"0":[0,0],"1":[0,0],"2":[0,0]},"_coverageSchema":"43e27e138ebf9cfc5966b082cf9a028302ed4184","hash":"0836168a2bea923473612cfa454b57714aa906db","contentHash":"80237f703c1d6e1666f63ef9ac37d83db711f7b150e0546958140a5396f1fdf8"},"/Users/ib/Documents/loaders.gl/modules/core/dist/es5/utils/assert.js":{"path":"/Users/ib/Documents/loaders.gl/modules/core/dist/es5/utils/assert.js","statementMap":{"0":{"start":{"line":3,"column":0},"end":{"line":5,"column":3}},"1":{"start":{"line":6,"column":0},"end":{"line":6,"column":25}},"2":{"start":{"line":9,"column":2},"end":{"line":11,"column":3}},"3":{"start":{"line":10,"column":4},"end":{"line":10,"column":59}}},"fnMap":{"0":{"name":"assert","decl":{"start":{"line":8,"column":9},"end":{"line":8,"column":15}},"loc":{"start":{"line":8,"column":36},"end":{"line":12,"column":1}},"line":8}},"branchMap":{"0":{"loc":{"start":{"line":9,"column":2},"end":{"line":11,"column":3}},"type":"if","locations":[{"start":{"line":9,"column":2},"end":{"line":11,"column":3}},{"start":{"line":9,"column":2},"end":{"line":11,"column":3}}],"line":9},"1":{"loc":{"start":{"line":10,"column":20},"end":{"line":10,"column":57}},"type":"binary-expr","locations":[{"start":{"line":10,"column":20},"end":{"line":10,"column":27}},{"start":{"line":10,"column":31},"end":{"line":10,"column":57}}],"line":10}},"s":{"0":1,"1":1,"2":0,"3":0},"f":{"0":0},"b":{"0":[0,0],"1":[0,0]},"_coverageSchema":"43e27e138ebf9cfc5966b082cf9a028302ed4184","hash":"c2b2fb5bb3253b95b2e1280d62d52824d6b86e19","contentHash":"5d48669a7da73ad7d7d5655b0bdb9ed266abc5363cadd2cd0aee5d1ce6d841d0"},"/Users/ib/Documents/loaders.gl/modules/core/dist/es5/read-file/read-file-node.js":{"path":"/Users/ib/Documents/loaders.gl/modules/core/dist/es5/read-file/read-file-node.js","statementMap":{"0":{"start":{"line":3,"column":29},"end":{"line":3,"column":84}},"1":{"start":{"line":5,"column":0},"end":{"line":7,"column":3}},"2":{"start":{"line":8,"column":0},"end":{"line":8,"column":30}},"3":{"start":{"line":9,"column":0},"end":{"line":9,"column":44}},"4":{"start":{"line":10,"column":0},"end":{"line":10,"column":28}},"5":{"start":{"line":11,"column":0},"end":{"line":11,"column":36}},"6":{"start":{"line":13,"column":21},"end":{"line":13,"column":91}},"7":{"start":{"line":15,"column":19},"end":{"line":15,"column":80}},"8":{"start":{"line":17,"column":25},"end":{"line":17,"column":99}},"9":{"start":{"line":19,"column":23},"end":{"line":19,"column":95}},"10":{"start":{"line":21,"column":20},"end":{"line":21,"column":89}},"11":{"start":{"line":23,"column":10},"end":{"line":23,"column":47}},"12":{"start":{"line":25,"column":12},"end":{"line":25,"column":51}},"13":{"start":{"line":27,"column":13},"end":{"line":27,"column":53}},"14":{"start":{"line":29,"column":12},"end":{"line":29,"column":51}},"15":{"start":{"line":31,"column":19},"end":{"line":31,"column":44}},"16":{"start":{"line":33,"column":21},"end":{"line":33,"column":89}},"17":{"start":{"line":35,"column":19},"end":{"line":35,"column":58}},"18":{"start":{"line":37,"column":20},"end":{"line":37,"column":60}},"19":{"start":{"line":39,"column":19},"end":{"line":39,"column":66}},"20":{"start":{"line":41,"column":13},"end":{"line":41,"column":57}},"21":{"start":{"line":42,"column":22},"end":{"line":44,"column":1}},"22":{"start":{"line":46,"column":30},"end":{"line":155,"column":3}},"23":{"start":{"line":48,"column":4},"end":{"line":48,"column":65}},"24":{"start":{"line":49,"column":4},"end":{"line":49,"column":19}},"25":{"start":{"line":50,"column":4},"end":{"line":50,"column":27}},"26":{"start":{"line":51,"column":4},"end":{"line":51,"column":26}},"27":{"start":{"line":54,"column":2},"end":{"line":153,"column":6}},"28":{"start":{"line":57,"column":25},"end":{"line":71,"column":9}},"29":{"start":{"line":58,"column":8},"end":{"line":70,"column":26}},"30":{"start":{"line":59,"column":10},"end":{"line":69,"column":11}},"31":{"start":{"line":60,"column":12},"end":{"line":68,"column":13}},"32":{"start":{"line":62,"column":16},"end":{"line":62,"column":37}},"33":{"start":{"line":63,"column":16},"end":{"line":63,"column":83}},"34":{"start":{"line":67,"column":16},"end":{"line":67,"column":39}},"35":{"start":{"line":74,"column":8},"end":{"line":74,"column":51}},"36":{"start":{"line":77,"column":6},"end":{"line":77,"column":25}},"37":{"start":{"line":82,"column":18},"end":{"line":102,"column":9}},"38":{"start":{"line":84,"column":8},"end":{"line":101,"column":27}},"39":{"start":{"line":85,"column":10},"end":{"line":100,"column":11}},"40":{"start":{"line":86,"column":12},"end":{"line":99,"column":13}},"41":{"start":{"line":88,"column":16},"end":{"line":88,"column":35}},"42":{"start":{"line":89,"column":16},"end":{"line":89,"column":42}},"43":{"start":{"line":92,"column":16},"end":{"line":92,"column":45}},"44":{"start":{"line":93,"column":16},"end":{"line":93,"column":62}},"45":{"start":{"line":94,"column":16},"end":{"line":94,"column":82}},"46":{"start":{"line":98,"column":16},"end":{"line":98,"column":40}},"47":{"start":{"line":105,"column":8},"end":{"line":105,"column":44}},"48":{"start":{"line":108,"column":6},"end":{"line":108,"column":18}},"49":{"start":{"line":113,"column":18},"end":{"line":132,"column":9}},"50":{"start":{"line":115,"column":8},"end":{"line":131,"column":27}},"51":{"start":{"line":116,"column":10},"end":{"line":130,"column":11}},"52":{"start":{"line":117,"column":12},"end":{"line":129,"column":13}},"53":{"start":{"line":119,"column":16},"end":{"line":119,"column":35}},"54":{"start":{"line":120,"column":16},"end":{"line":120,"column":35}},"55":{"start":{"line":123,"column":16},"end":{"line":123,"column":38}},"56":{"start":{"line":124,"column":16},"end":{"line":124,"column":68}},"57":{"start":{"line":128,"column":16},"end":{"line":128,"column":40}},"58":{"start":{"line":135,"column":8},"end":{"line":135,"column":44}},"59":{"start":{"line":138,"column":6},"end":{"line":138,"column":18}},"60":{"start":{"line":143,"column":6},"end":{"line":143,"column":16}},"61":{"start":{"line":148,"column":16},"end":{"line":148,"column":24}},"62":{"start":{"line":149,"column":20},"end":{"line":149,"column":32}},"63":{"start":{"line":150,"column":6},"end":{"line":150,"column":27}},"64":{"start":{"line":151,"column":6},"end":{"line":151,"column":44}},"65":{"start":{"line":154,"column":2},"end":{"line":154,"column":33}},"66":{"start":{"line":158,"column":2},"end":{"line":158,"column":43}},"67":{"start":{"line":162,"column":2},"end":{"line":176,"column":6}},"68":{"start":{"line":163,"column":4},"end":{"line":175,"column":17}},"69":{"start":{"line":164,"column":6},"end":{"line":174,"column":7}},"70":{"start":{"line":165,"column":8},"end":{"line":173,"column":9}},"71":{"start":{"line":167,"column":12},"end":{"line":167,"column":53}},"72":{"start":{"line":168,"column":12},"end":{"line":168,"column":89}},"73":{"start":{"line":172,"column":12},"end":{"line":172,"column":36}},"74":{"start":{"line":177,"column":2},"end":{"line":177,"column":43}},"75":{"start":{"line":181,"column":2},"end":{"line":181,"column":50}},"76":{"start":{"line":185,"column":2},"end":{"line":225,"column":6}},"77":{"start":{"line":187,"column":4},"end":{"line":224,"column":17}},"78":{"start":{"line":188,"column":6},"end":{"line":223,"column":7}},"79":{"start":{"line":189,"column":8},"end":{"line":222,"column":9}},"80":{"start":{"line":191,"column":12},"end":{"line":191,"column":53}},"81":{"start":{"line":193,"column":12},"end":{"line":196,"column":13}},"82":{"start":{"line":194,"column":14},"end":{"line":194,"column":33}},"83":{"start":{"line":195,"column":14},"end":{"line":195,"column":20}},"84":{"start":{"line":198,"column":12},"end":{"line":198,"column":80}},"85":{"start":{"line":201,"column":12},"end":{"line":201,"column":76}},"86":{"start":{"line":203,"column":12},"end":{"line":206,"column":13}},"87":{"start":{"line":204,"column":14},"end":{"line":204,"column":33}},"88":{"start":{"line":205,"column":14},"end":{"line":205,"column":20}},"89":{"start":{"line":208,"column":12},"end":{"line":208,"column":90}},"90":{"start":{"line":211,"column":12},"end":{"line":217,"column":16}},"91":{"start":{"line":212,"column":14},"end":{"line":212,"column":79}},"92":{"start":{"line":213,"column":28},"end":{"line":213,"column":101}},"93":{"start":{"line":214,"column":14},"end":{"line":216,"column":17}},"94":{"start":{"line":215,"column":16},"end":{"line":215,"column":41}},"95":{"start":{"line":221,"column":12},"end":{"line":221,"column":36}},"96":{"start":{"line":226,"column":2},"end":{"line":226,"column":50}},"97":{"start":{"line":230,"column":2},"end":{"line":230,"column":42}},"98":{"start":{"line":234,"column":2},"end":{"line":286,"column":6}},"99":{"start":{"line":239,"column":17},"end":{"line":239,"column":26}},"100":{"start":{"line":240,"column":4},"end":{"line":285,"column":17}},"101":{"start":{"line":241,"column":6},"end":{"line":284,"column":7}},"102":{"start":{"line":242,"column":8},"end":{"line":283,"column":9}},"103":{"start":{"line":244,"column":12},"end":{"line":244,"column":84}},"104":{"start":{"line":245,"column":12},"end":{"line":245,"column":53}},"105":{"start":{"line":246,"column":12},"end":{"line":246,"column":50}},"106":{"start":{"line":248,"column":12},"end":{"line":251,"column":13}},"107":{"start":{"line":249,"column":14},"end":{"line":249,"column":33}},"108":{"start":{"line":250,"column":14},"end":{"line":250,"column":20}},"109":{"start":{"line":253,"column":12},"end":{"line":253,"column":97}},"110":{"start":{"line":256,"column":12},"end":{"line":256,"column":76}},"111":{"start":{"line":258,"column":12},"end":{"line":261,"column":13}},"112":{"start":{"line":259,"column":14},"end":{"line":259,"column":33}},"113":{"start":{"line":260,"column":14},"end":{"line":260,"column":20}},"114":{"start":{"line":263,"column":12},"end":{"line":269,"column":16}},"115":{"start":{"line":264,"column":14},"end":{"line":264,"column":79}},"116":{"start":{"line":265,"column":28},"end":{"line":265,"column":101}},"117":{"start":{"line":266,"column":14},"end":{"line":268,"column":17}},"118":{"start":{"line":267,"column":16},"end":{"line":267,"column":95}},"119":{"start":{"line":272,"column":12},"end":{"line":272,"column":74}},"120":{"start":{"line":273,"column":12},"end":{"line":273,"column":32}},"121":{"start":{"line":274,"column":12},"end":{"line":274,"column":47}},"122":{"start":{"line":277,"column":12},"end":{"line":277,"column":36}},"123":{"start":{"line":278,"column":12},"end":{"line":278,"column":123}},"124":{"start":{"line":282,"column":12},"end":{"line":282,"column":36}},"125":{"start":{"line":287,"column":2},"end":{"line":287,"column":42}},"126":{"start":{"line":291,"column":16},"end":{"line":291,"column":86}},"127":{"start":{"line":292,"column":2},"end":{"line":292,"column":43}},"128":{"start":{"line":293,"column":2},"end":{"line":293,"column":40}},"129":{"start":{"line":295,"column":2},"end":{"line":297,"column":3}},"130":{"start":{"line":296,"column":4},"end":{"line":296,"column":44}},"131":{"start":{"line":299,"column":2},"end":{"line":301,"column":3}},"132":{"start":{"line":300,"column":4},"end":{"line":300,"column":16}},"133":{"start":{"line":303,"column":15},"end":{"line":303,"column":69}},"134":{"start":{"line":305,"column":2},"end":{"line":305,"column":85}},"135":{"start":{"line":309,"column":16},"end":{"line":309,"column":86}},"136":{"start":{"line":310,"column":2},"end":{"line":310,"column":56}},"137":{"start":{"line":311,"column":2},"end":{"line":311,"column":66}},"138":{"start":{"line":313,"column":2},"end":{"line":315,"column":3}},"139":{"start":{"line":314,"column":4},"end":{"line":314,"column":89}},"140":{"start":{"line":317,"column":2},"end":{"line":317,"column":17}}},"fnMap":{"0":{"name":"(anonymous_0)","decl":{"start":{"line":46,"column":30},"end":{"line":46,"column":31}},"loc":{"start":{"line":46,"column":42},"end":{"line":155,"column":1}},"line":46},"1":{"name":"MockFetchResponseObject","decl":{"start":{"line":47,"column":11},"end":{"line":47,"column":34}},"loc":{"start":{"line":47,"column":49},"end":{"line":52,"column":3}},"line":47},"2":{"name":"(anonymous_2)","decl":{"start":{"line":56,"column":11},"end":{"line":56,"column":12}},"loc":{"start":{"line":56,"column":23},"end":{"line":78,"column":5}},"line":56},"3":{"name":"_callee","decl":{"start":{"line":57,"column":92},"end":{"line":57,"column":99}},"loc":{"start":{"line":57,"column":102},"end":{"line":71,"column":7}},"line":57},"4":{"name":"_callee$","decl":{"start":{"line":58,"column":50},"end":{"line":58,"column":58}},"loc":{"start":{"line":58,"column":69},"end":{"line":70,"column":9}},"line":58},"5":{"name":"arrayBuffer","decl":{"start":{"line":73,"column":15},"end":{"line":73,"column":26}},"loc":{"start":{"line":73,"column":29},"end":{"line":75,"column":7}},"line":73},"6":{"name":"(anonymous_6)","decl":{"start":{"line":81,"column":11},"end":{"line":81,"column":12}},"loc":{"start":{"line":81,"column":23},"end":{"line":109,"column":5}},"line":81},"7":{"name":"_callee2","decl":{"start":{"line":82,"column":85},"end":{"line":82,"column":93}},"loc":{"start":{"line":82,"column":96},"end":{"line":102,"column":7}},"line":82},"8":{"name":"_callee2$","decl":{"start":{"line":84,"column":50},"end":{"line":84,"column":59}},"loc":{"start":{"line":84,"column":71},"end":{"line":101,"column":9}},"line":84},"9":{"name":"text","decl":{"start":{"line":104,"column":15},"end":{"line":104,"column":19}},"loc":{"start":{"line":104,"column":22},"end":{"line":106,"column":7}},"line":104},"10":{"name":"(anonymous_10)","decl":{"start":{"line":112,"column":11},"end":{"line":112,"column":12}},"loc":{"start":{"line":112,"column":23},"end":{"line":139,"column":5}},"line":112},"11":{"name":"_callee3","decl":{"start":{"line":113,"column":85},"end":{"line":113,"column":93}},"loc":{"start":{"line":113,"column":96},"end":{"line":132,"column":7}},"line":113},"12":{"name":"_callee3$","decl":{"start":{"line":115,"column":50},"end":{"line":115,"column":59}},"loc":{"start":{"line":115,"column":71},"end":{"line":131,"column":9}},"line":115},"13":{"name":"json","decl":{"start":{"line":134,"column":15},"end":{"line":134,"column":19}},"loc":{"start":{"line":134,"column":22},"end":{"line":136,"column":7}},"line":134},"14":{"name":"get","decl":{"start":{"line":142,"column":18},"end":{"line":142,"column":21}},"loc":{"start":{"line":142,"column":24},"end":{"line":144,"column":5}},"line":142},"15":{"name":"get","decl":{"start":{"line":147,"column":18},"end":{"line":147,"column":21}},"loc":{"start":{"line":147,"column":24},"end":{"line":152,"column":5}},"line":147},"16":{"name":"fetchFile","decl":{"start":{"line":157,"column":9},"end":{"line":157,"column":18}},"loc":{"start":{"line":157,"column":28},"end":{"line":159,"column":1}},"line":157},"17":{"name":"_fetchFile","decl":{"start":{"line":161,"column":9},"end":{"line":161,"column":19}},"loc":{"start":{"line":161,"column":22},"end":{"line":178,"column":1}},"line":161},"18":{"name":"_callee4","decl":{"start":{"line":162,"column":82},"end":{"line":162,"column":90}},"loc":{"start":{"line":162,"column":105},"end":{"line":176,"column":3}},"line":162},"19":{"name":"_callee4$","decl":{"start":{"line":163,"column":46},"end":{"line":163,"column":55}},"loc":{"start":{"line":163,"column":67},"end":{"line":175,"column":5}},"line":163},"20":{"name":"createReadStream","decl":{"start":{"line":180,"column":9},"end":{"line":180,"column":25}},"loc":{"start":{"line":180,"column":36},"end":{"line":182,"column":1}},"line":180},"21":{"name":"_createReadStream","decl":{"start":{"line":184,"column":9},"end":{"line":184,"column":26}},"loc":{"start":{"line":184,"column":29},"end":{"line":227,"column":1}},"line":184},"22":{"name":"_callee5","decl":{"start":{"line":185,"column":89},"end":{"line":185,"column":97}},"loc":{"start":{"line":185,"column":112},"end":{"line":225,"column":3}},"line":185},"23":{"name":"_callee5$","decl":{"start":{"line":187,"column":46},"end":{"line":187,"column":55}},"loc":{"start":{"line":187,"column":67},"end":{"line":224,"column":5}},"line":187},"24":{"name":"(anonymous_24)","decl":{"start":{"line":211,"column":58},"end":{"line":211,"column":59}},"loc":{"start":{"line":211,"column":85},"end":{"line":217,"column":13}},"line":211},"25":{"name":"(anonymous_25)","decl":{"start":{"line":214,"column":27},"end":{"line":214,"column":28}},"loc":{"start":{"line":214,"column":47},"end":{"line":216,"column":15}},"line":214},"26":{"name":"readFile","decl":{"start":{"line":229,"column":9},"end":{"line":229,"column":17}},"loc":{"start":{"line":229,"column":23},"end":{"line":231,"column":1}},"line":229},"27":{"name":"_readFile","decl":{"start":{"line":233,"column":9},"end":{"line":233,"column":18}},"loc":{"start":{"line":233,"column":21},"end":{"line":288,"column":1}},"line":233},"28":{"name":"_callee6","decl":{"start":{"line":234,"column":81},"end":{"line":234,"column":89}},"loc":{"start":{"line":234,"column":95},"end":{"line":286,"column":3}},"line":234},"29":{"name":"_callee6$","decl":{"start":{"line":240,"column":46},"end":{"line":240,"column":55}},"loc":{"start":{"line":240,"column":67},"end":{"line":285,"column":5}},"line":240},"30":{"name":"(anonymous_30)","decl":{"start":{"line":263,"column":58},"end":{"line":263,"column":59}},"loc":{"start":{"line":263,"column":85},"end":{"line":269,"column":13}},"line":263},"31":{"name":"(anonymous_31)","decl":{"start":{"line":266,"column":27},"end":{"line":266,"column":28}},"loc":{"start":{"line":266,"column":47},"end":{"line":268,"column":15}},"line":266},"32":{"name":"readFileSync","decl":{"start":{"line":290,"column":9},"end":{"line":290,"column":21}},"loc":{"start":{"line":290,"column":27},"end":{"line":306,"column":1}},"line":290},"33":{"name":"(anonymous_33)","decl":{"start":{"line":303,"column":54},"end":{"line":303,"column":55}},"loc":{"start":{"line":303,"column":66},"end":{"line":303,"column":68}},"line":303},"34":{"name":"getReadFileOptions","decl":{"start":{"line":308,"column":9},"end":{"line":308,"column":27}},"loc":{"start":{"line":308,"column":30},"end":{"line":318,"column":1}},"line":308}},"branchMap":{"0":{"loc":{"start":{"line":41,"column":21},"end":{"line":41,"column":56}},"type":"binary-expr","locations":[{"start":{"line":41,"column":21},"end":{"line":41,"column":32}},{"start":{"line":41,"column":36},"end":{"line":41,"column":56}}],"line":41},"1":{"loc":{"start":{"line":60,"column":12},"end":{"line":68,"column":13}},"type":"switch","locations":[{"start":{"line":61,"column":14},"end":{"line":63,"column":83}},{"start":{"line":65,"column":14},"end":{"line":65,"column":21}},{"start":{"line":66,"column":14},"end":{"line":67,"column":39}}],"line":60},"2":{"loc":{"start":{"line":86,"column":12},"end":{"line":99,"column":13}},"type":"switch","locations":[{"start":{"line":87,"column":14},"end":{"line":89,"column":42}},{"start":{"line":91,"column":14},"end":{"line":94,"column":82}},{"start":{"line":96,"column":14},"end":{"line":96,"column":21}},{"start":{"line":97,"column":14},"end":{"line":98,"column":40}}],"line":86},"3":{"loc":{"start":{"line":117,"column":12},"end":{"line":129,"column":13}},"type":"switch","locations":[{"start":{"line":118,"column":14},"end":{"line":120,"column":35}},{"start":{"line":122,"column":14},"end":{"line":124,"column":68}},{"start":{"line":126,"column":14},"end":{"line":126,"column":21}},{"start":{"line":127,"column":14},"end":{"line":128,"column":40}}],"line":117},"4":{"loc":{"start":{"line":165,"column":8},"end":{"line":173,"column":9}},"type":"switch","locations":[{"start":{"line":166,"column":10},"end":{"line":168,"column":89}},{"start":{"line":170,"column":10},"end":{"line":170,"column":17}},{"start":{"line":171,"column":10},"end":{"line":172,"column":36}}],"line":165},"5":{"loc":{"start":{"line":189,"column":8},"end":{"line":222,"column":9}},"type":"switch","locations":[{"start":{"line":190,"column":10},"end":{"line":198,"column":80}},{"start":{"line":200,"column":10},"end":{"line":208,"column":90}},{"start":{"line":210,"column":10},"end":{"line":217,"column":16}},{"start":{"line":219,"column":10},"end":{"line":219,"column":17}},{"start":{"line":220,"column":10},"end":{"line":221,"column":36}}],"line":189},"6":{"loc":{"start":{"line":193,"column":12},"end":{"line":196,"column":13}},"type":"if","locations":[{"start":{"line":193,"column":12},"end":{"line":196,"column":13}},{"start":{"line":193,"column":12},"end":{"line":196,"column":13}}],"line":193},"7":{"loc":{"start":{"line":201,"column":24},"end":{"line":201,"column":75}},"type":"binary-expr","locations":[{"start":{"line":201,"column":24},"end":{"line":201,"column":47}},{"start":{"line":201,"column":51},"end":{"line":201,"column":75}}],"line":201},"8":{"loc":{"start":{"line":203,"column":12},"end":{"line":206,"column":13}},"type":"if","locations":[{"start":{"line":203,"column":12},"end":{"line":206,"column":13}},{"start":{"line":203,"column":12},"end":{"line":206,"column":13}}],"line":203},"9":{"loc":{"start":{"line":213,"column":28},"end":{"line":213,"column":101}},"type":"cond-expr","locations":[{"start":{"line":213,"column":55},"end":{"line":213,"column":77}},{"start":{"line":213,"column":80},"end":{"line":213,"column":101}}],"line":213},"10":{"loc":{"start":{"line":242,"column":8},"end":{"line":283,"column":9}},"type":"switch","locations":[{"start":{"line":243,"column":10},"end":{"line":253,"column":97}},{"start":{"line":255,"column":10},"end":{"line":269,"column":16}},{"start":{"line":271,"column":10},"end":{"line":274,"column":47}},{"start":{"line":276,"column":10},"end":{"line":278,"column":123}},{"start":{"line":280,"column":10},"end":{"line":280,"column":18}},{"start":{"line":281,"column":10},"end":{"line":282,"column":36}}],"line":242},"11":{"loc":{"start":{"line":244,"column":22},"end":{"line":244,"column":83}},"type":"cond-expr","locations":[{"start":{"line":244,"column":69},"end":{"line":244,"column":78}},{"start":{"line":244,"column":81},"end":{"line":244,"column":83}}],"line":244},"12":{"loc":{"start":{"line":244,"column":22},"end":{"line":244,"column":66}},"type":"binary-expr","locations":[{"start":{"line":244,"column":22},"end":{"line":244,"column":39}},{"start":{"line":244,"column":43},"end":{"line":244,"column":66}}],"line":244},"13":{"loc":{"start":{"line":248,"column":12},"end":{"line":251,"column":13}},"type":"if","locations":[{"start":{"line":248,"column":12},"end":{"line":251,"column":13}},{"start":{"line":248,"column":12},"end":{"line":251,"column":13}}],"line":248},"14":{"loc":{"start":{"line":256,"column":24},"end":{"line":256,"column":75}},"type":"binary-expr","locations":[{"start":{"line":256,"column":24},"end":{"line":256,"column":47}},{"start":{"line":256,"column":51},"end":{"line":256,"column":75}}],"line":256},"15":{"loc":{"start":{"line":258,"column":12},"end":{"line":261,"column":13}},"type":"if","locations":[{"start":{"line":258,"column":12},"end":{"line":261,"column":13}},{"start":{"line":258,"column":12},"end":{"line":261,"column":13}}],"line":258},"16":{"loc":{"start":{"line":265,"column":28},"end":{"line":265,"column":101}},"type":"cond-expr","locations":[{"start":{"line":265,"column":55},"end":{"line":265,"column":77}},{"start":{"line":265,"column":80},"end":{"line":265,"column":101}}],"line":265},"17":{"loc":{"start":{"line":278,"column":46},"end":{"line":278,"column":121}},"type":"cond-expr","locations":[{"start":{"line":278,"column":73},"end":{"line":278,"column":112}},{"start":{"line":278,"column":115},"end":{"line":278,"column":121}}],"line":278},"18":{"loc":{"start":{"line":291,"column":16},"end":{"line":291,"column":86}},"type":"cond-expr","locations":[{"start":{"line":291,"column":69},"end":{"line":291,"column":81}},{"start":{"line":291,"column":84},"end":{"line":291,"column":86}}],"line":291},"19":{"loc":{"start":{"line":291,"column":16},"end":{"line":291,"column":66}},"type":"binary-expr","locations":[{"start":{"line":291,"column":16},"end":{"line":291,"column":36}},{"start":{"line":291,"column":40},"end":{"line":291,"column":66}}],"line":291},"20":{"loc":{"start":{"line":295,"column":2},"end":{"line":297,"column":3}},"t
[...]
133,"column":6}},"48":{"start":{"line":80,"column":6},"end":{"line":80,"column":47}},"49":{"start":{"line":81,"column":6},"end":{"line":81,"column":18}},"50":{"start":{"line":86,"column":18},"end":{"line":86,"column":22}},"51":{"start":{"line":88,"column":17},"end":{"line":88,"column":102}},"52":{"start":{"line":89,"column":6},"end":{"line":131,"column":9}},"53":{"start":{"line":90,"column":8},"end":{"line":130,"column":9}},"54":{"start":{"line":91,"column":20},"end":{"line":91,"column":29}},"55":{"start":{"line":92,"column":23},"end":{"line":92,"column":35}},"56":{"start":{"line":93,"column":24},"end":{"line":93,"column":37}},"57":{"start":{"line":94,"column":29},"end":{"line":94,"column":47}},"58":{"start":{"line":95,"column":29},"end":{"line":95,"column":47}},"59":{"start":{"line":96,"column":20},"end":{"line":96,"column":108}},"60":{"start":{"line":97,"column":10},"end":{"line":97,"column":45}},"61":{"start":{"line":99,"column":10},"end":{"line":101,"column":11}},"62":{"start":{"line":100,"column":12},"end":{"line":100,"column":44}},"63":{"start":{"line":103,"column":10},"end":{"line":113,"column":11}},"64":{"start":{"line":104,"column":12},"end":{"line":112,"column":14}},"65":{"start":{"line":105,"column":14},"end":{"line":111,"column":15}},"66":{"start":{"line":106,"column":16},"end":{"line":110,"column":17}},"67":{"start":{"line":107,"column":18},"end":{"line":107,"column":78}},"68":{"start":{"line":109,"column":18},"end":{"line":109,"column":77}},"69":{"start":{"line":115,"column":10},"end":{"line":119,"column":11}},"70":{"start":{"line":116,"column":12},"end":{"line":116,"column":35}},"71":{"start":{"line":118,"column":12},"end":{"line":118,"column":27}},"72":{"start":{"line":121,"column":10},"end":{"line":127,"column":11}},"73":{"start":{"line":122,"column":12},"end":{"line":126,"column":13}},"74":{"start":{"line":123,"column":14},"end":{"line":123,"column":74}},"75":{"start":{"line":125,"column":14},"end":{"line":125,"column":73}},"76":{"start":{"line":129,"column":10},"end":{"line":129,"column":24}},"77":{"start":{"line":134,"column":2},"end":{"line":134,"column":13}},"78":{"start":{"line":138,"column":2},"end":{"line":141,"column":3}},"79":{"start":{"line":139,"column":4},"end":{"line":139,"column":15}},"80":{"start":{"line":140,"column":4},"end":{"line":140,"column":19}},"81":{"start":{"line":143,"column":2},"end":{"line":143,"column":41}},"82":{"start":{"line":144,"column":12},"end":{"line":144,"column":25}},"83":{"start":{"line":145,"column":2},"end":{"line":145,"column":25}}},"fnMap":{"0":{"name":"(anonymous_0)","decl":{"start":{"line":24,"column":10},"end":{"line":24,"column":11}},"loc":{"start":{"line":24,"column":22},"end":{"line":135,"column":1}},"line":24},"1":{"name":"XHR","decl":{"start":{"line":25,"column":11},"end":{"line":25,"column":14}},"loc":{"start":{"line":25,"column":21},"end":{"line":75,"column":3}},"line":25},"2":{"name":"(anonymous_2)","decl":{"start":{"line":40,"column":50},"end":{"line":40,"column":51}},"loc":{"start":{"line":40,"column":62},"end":{"line":40,"column":64}},"line":40},"3":{"name":"(anonymous_3)","decl":{"start":{"line":42,"column":44},"end":{"line":42,"column":45}},"loc":{"start":{"line":42,"column":56},"end":{"line":42,"column":58}},"line":42},"4":{"name":"(anonymous_4)","decl":{"start":{"line":44,"column":44},"end":{"line":44,"column":45}},"loc":{"start":{"line":44,"column":56},"end":{"line":44,"column":58}},"line":44},"5":{"name":"(anonymous_5)","decl":{"start":{"line":46,"column":50},"end":{"line":46,"column":51}},"loc":{"start":{"line":46,"column":62},"end":{"line":46,"column":64}},"line":46},"6":{"name":"(anonymous_6)","decl":{"start":{"line":56,"column":22},"end":{"line":56,"column":23}},"loc":{"start":{"line":56,"column":35},"end":{"line":58,"column":5}},"line":56},"7":{"name":"(anonymous_7)","decl":{"start":{"line":60,"column":23},"end":{"line":60,"column":24}},"loc":{"start":{"line":60,"column":36},"end":{"line":62,"column":5}},"line":60},"8":{"name":"(anonymous_8)","decl":{"start":{"line":64,"column":23},"end":{"line":64,"column":24}},"loc":{"start":{"line":64,"column":36},"end":{"line":66,"column":5}},"line":64},"9":{"name":"(anonymous_9)","decl":{"start":{"line":68,"column":26},"end":{"line":68,"column":27}},"loc":{"start":{"line":68,"column":39},"end":{"line":74,"column":5}},"line":68},"10":{"name":"setRequestHeader","decl":{"start":{"line":79,"column":20},"end":{"line":79,"column":36}},"loc":{"start":{"line":79,"column":52},"end":{"line":82,"column":5}},"line":79},"11":{"name":"sendAsync","decl":{"start":{"line":85,"column":20},"end":{"line":85,"column":29}},"loc":{"start":{"line":85,"column":32},"end":{"line":132,"column":5}},"line":85},"12":{"name":"(anonymous_12)","decl":{"start":{"line":89,"column":25},"end":{"line":89,"column":26}},"loc":{"start":{"line":89,"column":52},"end":{"line":131,"column":7}},"line":89},"13":{"name":"(anonymous_13)","decl":{"start":{"line":104,"column":37},"end":{"line":104,"column":38}},"loc":{"start":{"line":104,"column":50},"end":{"line":112,"column":13}},"line":104},"14":{"name":"requestFile","decl":{"start":{"line":137,"column":9},"end":{"line":137,"column":20}},"loc":{"start":{"line":137,"column":32},"end":{"line":146,"column":1}},"line":137}},"branchMap":{"0":{"loc":{"start":{"line":28,"column":15},"end":{"line":28,"column":54}},"type":"cond-expr","locations":[{"start":{"line":28,"column":38},"end":{"line":28,"column":42}},{"start":{"line":28,"column":45},"end":{"line":28,"column":54}}],"line":28},"1":{"loc":{"start":{"line":30,"column":17},"end":{"line":30,"column":61}},"type":"cond-expr","locations":[{"start":{"line":30,"column":42},"end":{"line":30,"column":47}},{"start":{"line":30,"column":50},"end":{"line":30,"column":61}}],"line":30},"2":{"loc":{"start":{"line":32,"column":23},"end":{"line":32,"column":78}},"type":"cond-expr","locations":[{"start":{"line":32,"column":54},"end":{"line":32,"column":58}},{"start":{"line":32,"column":61},"end":{"line":32,"column":78}}],"line":32},"3":{"loc":{"start":{"line":34,"column":18},"end":{"line":34,"column":64}},"type":"cond-expr","locations":[{"start":{"line":34,"column":44},"end":{"line":34,"column":49}},{"start":{"line":34,"column":52},"end":{"line":34,"column":64}}],"line":34},"4":{"loc":{"start":{"line":36,"column":23},"end":{"line":36,"column":79}},"type":"cond-expr","locations":[{"start":{"line":36,"column":54},"end":{"line":36,"column":59}},{"start":{"line":36,"column":62},"end":{"line":36,"column":79}}],"line":36},"5":{"loc":{"start":{"line":38,"column":23},"end":{"line":38,"column":79}},"type":"cond-expr","locations":[{"start":{"line":38,"column":54},"end":{"line":38,"column":59}},{"start":{"line":38,"column":62},"end":{"line":38,"column":79}}],"line":38},"6":{"loc":{"start":{"line":40,"column":21},"end":{"line":40,"column":82}},"type":"cond-expr","locations":[{"start":{"line":40,"column":50},"end":{"line":40,"column":64}},{"start":{"line":40,"column":67},"end":{"line":40,"column":82}}],"line":40},"7":{"loc":{"start":{"line":42,"column":18},"end":{"line":42,"column":73}},"type":"cond-expr","locations":[{"start":{"line":42,"column":44},"end":{"line":42,"column":58}},{"start":{"line":42,"column":61},"end":{"line":42,"column":73}}],"line":42},"8":{"loc":{"start":{"line":44,"column":18},"end":{"line":44,"column":73}},"type":"cond-expr","locations":[{"start":{"line":44,"column":44},"end":{"line":44,"column":58}},{"start":{"line":44,"column":61},"end":{"line":44,"column":73}}],"line":44},"9":{"loc":{"start":{"line":46,"column":21},"end":{"line":46,"column":82}},"type":"cond-expr","locations":[{"start":{"line":46,"column":50},"end":{"line":46,"column":64}},{"start":{"line":46,"column":67},"end":{"line":46,"column":82}}],"line":46},"10":{"loc":{"start":{"line":48,"column":15},"end":{"line":48,"column":48}},"type":"cond-expr","locations":[{"start":{"line":48,"column":22},"end":{"line":48,"column":42}},{"start":{"line":48,"column":45},"end":{"line":48,"column":48}}],"line":48},"11":{"loc":{"start":{"line":69,"column":6},"end":{"line":73,"column":7}},"type":"if","locations":[{"start":{"line":69,"column":6},"end":{"line":73,"column":7}},{"start":{"line":69,"column":6},"end":{"line":73,"column":7}}],"line":69},"12":{"loc":{"start":{"line":88,"column":17},"end":{"line":88,"column":102}},"type":"cond-expr","locations":[{"start":{"line":88,"column":70},"end":{"line":88,"column":82}},{"start":{"line":88,"column":85},"end":{"line":88,"column":102}}],"line":88},"13":{"loc":{"start":{"line":88,"column":17},"end":{"line":88,"column":67}},"type":"binary-expr","locations":[{"start":{"line":88,"column":17},"end":{"line":88,"column":37}},{"start":{"line":88,"column":41},"end":{"line":88,"column":67}}],"line":88},"14":{"loc":{"start":{"line":88,"column":85},"end":{"line":88,"column":102}},"type":"binary-expr","locations":[{"start":{"line":88,"column":85},"end":{"line":88,"column":94}},{"start":{"line":88,"column":98},"end":{"line":88,"column":102}}],"line":88},"15":{"loc":{"start":{"line":96,"column":20},"end":{"line":96,"column":108}},"type":"cond-expr","locations":[{"start":{"line":96,"column":30},"end":{"line":96,"column":96}},{"start":{"line":96,"column":99},"end":{"line":96,"column":108}}],"line":96},"16":{"loc":{"start":{"line":96,"column":43},"end":{"line":96,"column":82}},"type":"cond-expr","locations":[{"start":{"line":96,"column":73},"end":{"line":96,"column":76}},{"start":{"line":96,"column":79},"end":{"line":96,"column":82}}],"line":96},"17":{"loc":{"start":{"line":99,"column":10},"end":{"line":101,"column":11}},"type":"if","locations":[{"start":{"line":99,"column":10},"end":{"line":101,"column":11}},{"start":{"line":99,"column":10},"end":{"line":101,"column":11}}],"line":99},"18":{"loc":{"start":{"line":103,"column":10},"end":{"line":113,"column":11}},"type":"if","locations":[{"start":{"line":103,"column":10},"end":{"line":113,"column":11}},{"start":{"line":103,"column":10},"end":{"line":113,"column":11}}],"line":103},"19":{"loc":{"start":{"line":105,"column":14},"end":{"line":111,"column":15}},"type":"if","locations":[{"start":{"line":105,"column":14},"end":{"line":111,"column":15}},{"start":{"line":105,"column":14},"end":{"line":111,"column":15}}],"line":105},"20":{"loc":{"start":{"line":106,"column":16},"end":{"line":110,"column":17}},"type":"if","locations":[{"start":{"line":106,"column":16},"end":{"line":110,"column":17}},{"start":{"line":106,"column":16},"end":{"line":110,"column":17}}],"line":106},"21":{"loc":{"start":{"line":107,"column":26},"end":{"line":107,"column":76}},"type":"cond-expr","locations":[{"start":{"line":107,"column":45},"end":{"line":107,"column":57}},{"start":{"line":107,"column":60},"end":{"line":107,"column":76}}],"line":107},"22":{"loc":{"start":{"line":115,"column":10},"end":{"line":119,"column":11}},"type":"if","locations":[{"start":{"line":115,"column":10},"end":{"line":119,"column":11}},{"start":{"line":115,"column":10},"end":{"line":119,"column":11}}],"line":115},"23":{"loc":{"start":{"line":121,"column":10},"end":{"line":127,"column":11}},"type":"if","locations":[{"start":{"line":121,"column":10},"end":{"line":127,"column":11}},{"start":{"line":121,"column":10},"end":{"line":127,"column":11}}],"line":121},"24":{"loc":{"start":{"line":122,"column":12},"end":{"line":126,"column":13}},"type":"if","locations":[{"start":{"line":122,"column":12},"end":{"line":126,"column":13}},{"start":{"line":122,"column":12},"end":{"line":126,"column":13}}],"line":122},"25":{"loc":{"start":{"line":123,"column":22},"end":{"line":123,"column":72}},"type":"cond-expr","locations":[{"start":{"line":123,"column":41},"end":{"line":123,"column":53}},{"start":{"line":123,"column":56},"end":{"line":123,"column":72}}],"line":123},"26":{"loc":{"start":{"line":138,"column":2},"end":{"line":141,"column":3}},"type":"if","locations":[{"start":{"line":138,"column":2},"end":{"line":141,"column":3}},{"start":{"line":138,"column":2},"end":{"line":141,"column":3}}],"line":138},"27":{"loc":{"start":{"line":138,"column":6},"end":{"line":138,"column":38}},"type":"binary-expr","locations":[{"start":{"line":138,"column":6},"end":{"line":138,"column":29}},{"start":{"line":138,"column":33},"end":{"line":138,"column":38}}],"line":138}},"s":{"0":1,"1":1,"2":1,"3":1,"4":1,"5":1,"6":1,"7":1,"8":0,"9":0,"10":0,"11":0,"12":0,"13":0,"14":0,"15":0,"16":0,"17":0,"18":0,"19":0,"20":0,"21":0,"22":0,"23":0,"24":0,"25":0,"26":0,"27":0,"28":0,"29":0,"30":0,"31":0,"32":0,"33":0,"34":0,"35":0,"36":0,"37":0,"38":0,"39":0,"40":0,"41":0,"42":0,"43":0,"44":0,"45":0,"46":0,"47":1,"48":0,"49":0,"50":0,"51":0,"52":0,"53":0,"54":0,"55":0,"56":0,"57":0,"58":0,"59":0,"60":0,"61":0,"62":0,"63":0,"64":0,"65":0,"66":0,"67":0,"68":0,"69":0,"70":0,"71":0,"72":0,"73":0,"74":0,"75":0,"76":0,"77":1,"78":0,"79":0,"80":0,"81":0,"82":0,"83":0},"f":{"0":1,"1":0,"2":0,"3":0,"4":0,"5":0,"6":0,"7":0,"8":0,"9":0,"10":0,"11":0,"12":0,"13":0,"14":0},"b":{"0":[0,0],"1":[0,0],"2":[0,0],"3":[0,0],"4":[0,0],"5":[0,0],"6":[0,0],"7":[0,0],"8":[0,0],"9":[0,0],"10":[0,0],"11":[0,0],"12":[0,0],"13":[0,0],"14":[0,0],"15":[0,0],"16":[0,0],"17":[0,0],"18":[0,0],"19":[0,0],"20":[0,0],"21":[0,0],"22":[0,0],"23":[0,0],"24":[0,0],"25":[0,0],"26":[0,0],"27":[0,0]},"_coverageSchema":"43e27e138ebf9cfc5966b082cf9a028302ed4184","hash":"5c1753ec2103cfbacbc5454cacc9f26ad73a05bb","contentHash":"6c6f9e9103340dbd976e24c17ae9e35dcae6440de28128cdc5d72d03c4e6089e"},"/Users/ib/Documents/loaders.gl/modules/experimental/dist/es5/core-addons/write-file-browser.js":{"path":"/Users/ib/Documents/loaders.gl/modules/experimental/dist/es5/core-addons/write-file-browser.js","statementMap":{"0":{"start":{"line":3,"column":0},"end":{"line":5,"column":3}},"1":{"start":{"line":6,"column":0},"end":{"line":6,"column":30}},"2":{"start":{"line":8,"column":12},"end":{"line":8,"column":39}},"3":{"start":{"line":10,"column":27},"end":{"line":10,"column":48}},"4":{"start":{"line":11,"column":21},"end":{"line":11,"column":37}},"5":{"start":{"line":13,"column":0},"end":{"line":17,"column":1}},"6":{"start":{"line":14,"column":2},"end":{"line":16,"column":4}},"7":{"start":{"line":19,"column":13},"end":{"line":19,"column":36}},"8":{"start":{"line":21,"column":0},"end":{"line":27,"column":1}},"9":{"start":{"line":22,"column":2},"end":{"line":26,"column":3}},"10":{"start":{"line":23,"column":4},"end":{"line":23,"column":38}},"11":{"start":{"line":25,"column":4},"end":{"line":25,"column":28}},"12":{"start":{"line":30,"column":17},"end":{"line":30,"column":99}},"13":{"start":{"line":32,"column":2},"end":{"line":35,"column":3}},"14":{"start":{"line":33,"column":4},"end":{"line":33,"column":24}},"15":{"start":{"line":34,"column":4},"end":{"line":34,"column":23}},"16":{"start":{"line":37,"column":2},"end":{"line":39,"column":3}},"17":{"start":{"line":38,"column":4},"end":{"line":38,"column":26}},"18":{"start":{"line":41,"column":2},"end":{"line":53,"column":5}},"19":{"start":{"line":44,"column":4},"end":{"line":49,"column":5}},"20":{"start":{"line":45,"column":6},"end":{"line":45,"column":43}},"21":{"start":{"line":47,"column":6},"end":{"line":47,"column":20}},"22":{"start":{"line":48,"column":6},"end":{"line":48,"column":35}},"23":{"start":{"line":51,"column":4},"end":{"line":51,"column":14}},"24":{"start":{"line":52,"column":4},"end":{"line":52,"column":34}}},"fnMap":{"0":{"name":"writeFile","decl":{"start":{"line":29,"column":9},"end":{"line":29,"column":18}},"loc":{"start":{"line":29,"column":40},"end":{"line":54,"column":1}},"line":29},"1":{"name":"(anonymous_1)","decl":{"start":{"line":30,"column":85},"end":{"line":30,"column":86}},"loc":{"start":{"line":30,"column":97},"end":{"line":30,"column":99}},"line":30},"2":{"name":"(anonymous_2)","decl":{"start":{"line":41,"column":21},"end":{"line":41,"column":22}},"loc":{"start":{"line":41,"column":48},"end":{"line":53,"column":3}},"line":41}},"branchMap":{"0":{"loc":{"start":{"line":13,"column":0},"end":{"line":17,"column":1}},"type":"if","locations":[{"start":{"line":13,"column":0},"end":{"line":17,"column":1}},{"start":{"line":13,"column":0},"end":{"line":17,"column":1}}],"line":13},"1":{"loc":{"start":{"line":21,"column":0},"end":{"line":27,"column":1}},"type":"if","locations":[{"start":{"line":21,"column":0},"end":{"line":27,"column":1}},{"start":{"line":21,"column":0},"end":{"line":27,"column":1}}],"line":21},"2":{"loc":{"start":{"line":22,"column":2},"end":{"line":26,"column":3}},"type":"if","locations":[{"start":{"line":22,"column":2},"end":{"line":26,"column":3}},{"start":{"line":22,"column":2},"end":{"line":26,"column":3}}],"line":22},"3":{"loc":{"start":{"line":30,"column":17},"end":{"line":30,"column":99}},"type":"cond-expr","locations":[{"start":{"line":30,"column":70},"end":{"line":30,"column":82}},{"start":{"line":30,"column":85},"end":{"line":30,"column":99}}],"line":30},"4":{"loc":{"start":{"line":30,"column":17},"end":{"line":30,"column":67}},"type":"binary-expr","locations":[{"start":{"line":30,"column":17},"end":{"line":30,"column":37}},{"start":{"line":30,"column":41},"end":{"line":30,"column":67}}],"line":30},"5":{"loc":{"start":{"line":32,"column":2},"end":{"line":35,"column":3}},"type":"if","locations":[{"start":{"line":32,"column":2},"end":{"line":35,"column":3}},{"start":{"line":32,"column":2},"end":{"line":35,"column":3}}],"line":32},"6":{"loc":{"start":{"line":32,"column":6},"end":{"line":32,"column":61}},"type":"binary-expr","locations":[{"start":{"line":32,"column":6},"end":{"line":32,"column":28}},{"start":{"line":32,"column":32},"end":{"line":32,"column":61}}],"line":32},"7":{"loc":{"start":{"line":37,"column":2},"end":{"line":39,"column":3}},"type":"if","locations":[{"start":{"line":37,"column":2},"end":{"line":39,"column":3}},{"start":{"line":37,"column":2},"end":{"line":39,"column":3}}],"line":37}},"s":{"0":1,"1":1,"2":1,"3":1,"4":1,"5":1,"6":1,"7":1,"8":1,"9":1,"10":0,"11":1,"12":0,"13":0,"14":0,"15":0,"16":0,"17":0,"18":0,"19":0,"20":0,"21":0,"22":0,"23":0,"24":0},"f":{"0":0,"1":0,"2":0},"b":{"0":[1,0],"1":[1,0],"2":[0,1],"3":[0,0],"4":[0,0],"5":[0,0],"6":[0,0],"7":[0,0]},"_coverageSchema":"43e27e138ebf9cfc5966b082cf9a028302ed4184","hash":"ed13a8bcb27e792f46a1b4df820a58a1ca7a5390","contentHash":"cf52a39ecefd1afe2834eac78888c070db1be8461a27ff67f03327c408d7eacf"},"/Users/ib/Documents/loaders.gl/modules/experimental/dist/es5/json-loader/json-loader.js":{"path":"/Users/ib/Documents/loaders.gl/modules/experimental/dist/es5/json-loader/json-loader.js","statementMap":{"0":{"start":{"line":3,"column":0},"end":{"line":5,"column":3}},"1":{"start":{"line":6,"column":0},"end":{"line":6,"column":25}},"2":{"start":{"line":9,"column":2},"end":{"line":9,"column":26}},"3":{"start":{"line":12,"column":15},"end":{"line":17,"column":1}},"4":{"start":{"line":18,"column":0},"end":{"line":18,"column":27}}},"fnMap":{"0":{"name":"parseText","decl":{"start":{"line":8,"column":9},"end":{"line":8,"column":18}},"loc":{"start":{"line":8,"column":34},"end":{"line":10,"column":1}},"line":8}},"branchMap":{},"s":{"0":1,"1":1,"2":0,"3":1,"4":1},"f":{"0":0},"b":{},"_coverageSchema":"43e27e138ebf9cfc5966b082cf9a028302ed4184","hash":"4f000dd9bfbcb01b588437b667d1ad315263da79","contentHash":"8461da2887dc37978a4aa2cdea9fff95a1ebdda0d484d71dbde73986bd7d35cf"},"/Users/ib/Documents/loaders.gl/modules/experimental/dist/es5/csv-loader/csv-loader.js":{"path":"/Users/ib/Documents/loaders.gl/modules/experimental/dist/es5/csv-loader/csv-loader.js","statementMap":{"0":{"start":{"line":3,"column":0},"end":{"line":5,"column":3}},"1":{"start":{"line":6,"column":0},"end":{"line":6,"column":25}},"2":{"start":{"line":8,"column":13},"end":{"line":8,"column":30}},"3":{"start":{"line":10,"column":15},"end":{"line":15,"column":1}},"4":{"start":{"line":16,"column":0},"end":{"line":16,"column":27}}},"fnMap":{},"branchMap":{},"s":{"0":1,"1":1,"2":1,"3":0,"4":0},"f":{},"b":{},"_coverageSchema":"43e27e138ebf9cfc5966b082cf9a028302ed4184","hash":"26aff356e6e5eae0e72f93545aabb69d7a87b1ca","contentHash":"c7d10f1a9fb467c77994720e5041f1d798df59a69ae1c15bfb377afaed3f3b54"}}